# JRE version: OpenJDK Runtime Environment (8.0_282-b08) (build 1.8.0_282-b08)
# Java VM: OpenJDK 64-Bit Server VM (25.282-b08 mixed mode linux-amd64 compressed oops)
Heap:
 def new generation   total 19648K, used 10386K [0x00000000fc000000, 0x00000000fd550000, 0x00000000fd550000)
  eden space 17472K,  46% used [0x00000000fc000000, 0x00000000fc804b70, 0x00000000fd110000)
  from space 2176K,  99% used [0x00000000fd110000, 0x00000000fd32fff8, 0x00000000fd330000)
  to   space 2176K,   0% used [0x00000000fd330000, 0x00000000fd330000, 0x00000000fd550000)
 tenured generation   total 43712K, used 1919K [0x00000000fd550000, 0x0000000100000000, 0x0000000100000000)
   the space 43712K,   4% used [0x00000000fd550000, 0x00000000fd72ff30, 0x00000000fd730000, 0x0000000100000000)
 Metaspace       used 11226K, capacity 11484K, committed 11520K, reserved 1058816K
  class space    used 1435K, capacity 1536K, committed 1536K, reserved 1048576K
GC Heap History (4 events):
Event: 1.483 GC heap before
{Heap before GC invocations=0 (full 0):
 def new generation   total 19648K, used 17472K [0x00000000fc000000, 0x00000000fd550000, 0x00000000fd550000)
  eden space 17472K, 100% used [0x00000000fc000000, 0x00000000fd110000, 0x00000000fd110000)
  from space 2176K,   0% used [0x00000000fd110000, 0x00000000fd110000, 0x00000000fd330000)
  to   space 2176K,   0% used [0x00000000fd330000, 0x00000000fd330000, 0x00000000fd550000)
 tenured generation   total 43712K, used 0K [0x00000000fd550000, 0x0000000100000000, 0x0000000100000000)
   the space 43712K,   0% used [0x00000000fd550000, 0x00000000fd550000, 0x00000000fd550200, 0x0000000100000000)
 Metaspace       used 6898K, capacity 7150K, committed 7296K, reserved 1056768K
  class space    used 762K, capacity 877K, committed 896K, reserved 1048576K
Event: 1.503 GC heap after
Heap after GC invocations=1 (full 0):
 def new generation   total 19648K, used 2176K [0x00000000fc000000, 0x00000000fd550000, 0x00000000fd550000)
  eden space 17472K,   0% used [0x00000000fc000000, 0x00000000fc000000, 0x00000000fd110000)
  from space 2176K, 100% used [0x00000000fd330000, 0x00000000fd550000, 0x00000000fd550000)
  to   space 2176K,   0% used [0x00000000fd110000, 0x00000000fd110000, 0x00000000fd330000)
 tenured generation   total 43712K, used 251K [0x00000000fd550000, 0x0000000100000000, 0x0000000100000000)
   the space 43712K,   0% used [0x00000000fd550000, 0x00000000fd58eda8, 0x00000000fd58ee00, 0x0000000100000000)
 Metaspace       used 6898K, capacity 7150K, committed 7296K, reserved 1056768K
  class space    used 762K, capacity 877K, committed 896K, reserved 1048576K
}
Event: 2.290 GC heap before
{Heap before GC invocations=1 (full 0):
 def new generation   total 19648K, used 19648K [0x00000000fc000000, 0x00000000fd550000, 0x00000000fd550000)
  eden space 17472K, 100% used [0x00000000fc000000, 0x00000000fd110000, 0x00000000fd110000)
  from space 2176K, 100% used [0x00000000fd330000, 0x00000000fd550000, 0x00000000fd550000)
  to   space 2176K,   0% used [0x00000000fd110000, 0x00000000fd110000, 0x00000000fd330000)
 tenured generation   total 43712K, used 251K [0x00000000fd550000, 0x0000000100000000, 0x0000000100000000)
   the space 43712K,   0% used [0x00000000fd550000, 0x00000000fd58eda8, 0x00000000fd58ee00, 0x0000000100000000)
 Metaspace       used 9619K, capacity 9942K, committed 10112K, reserved 1058816K
  class space    used 1211K, capacity 1343K, committed 1408K, reserved 1048576K
Event: 2.328 GC heap after
Heap after GC invocations=2 (full 0):
 def new generation   total 19648K, used 2175K [0x00000000fc000000, 0x00000000fd550000, 0x00000000fd550000)
  eden space 17472K,   0% used [0x00000000fc000000, 0x00000000fc000000, 0x00000000fd110000)
  from space 2176K,  99% used [0x00000000fd110000, 0x00000000fd32fff8, 0x00000000fd330000)
  to   space 2176K,   0% used [0x00000000fd330000, 0x00000000fd330000, 0x00000000fd550000)
 tenured generation   total 43712K, used 1919K [0x00000000fd550000, 0x0000000100000000, 0x0000000100000000)
   the space 43712K,   4% used [0x00000000fd550000, 0x00000000fd72ff30, 0x00000000fd730000, 0x0000000100000000)
 Metaspace       used 9619K, capacity 9942K, committed 10112K, reserved 1058816K
  class space    used 1211K, capacity 1343K, committed 1408K, reserved 1048576K
}

