# JRE version: OpenJDK Runtime Environment (8.0_282-b08) (build 1.8.0_282-b08)
# Java VM: OpenJDK 64-Bit Server VM (25.282-b08 mixed mode linux-amd64 compressed oops)
Heap:
 def new generation   total 78912K, used 14551K [0x00000000e0000000, 0x00000000e55a0000, 0x00000000eaaa0000)
  eden space 70144K,  15% used [0x00000000e0000000, 0x00000000e0a4d320, 0x00000000e4480000)
  from space 8768K,  45% used [0x00000000e4480000, 0x00000000e4868cc8, 0x00000000e4d10000)
  to   space 8768K,   0% used [0x00000000e4d10000, 0x00000000e4d10000, 0x00000000e55a0000)
 tenured generation   total 174784K, used 174763K [0x00000000eaaa0000, 0x00000000f5550000, 0x0000000100000000)
   the space 174784K,  99% used [0x00000000eaaa0000, 0x00000000f554ace8, 0x00000000f554ae00, 0x00000000f5550000)
 Metaspace       used 59899K, capacity 63024K, committed 63400K, reserved 1103872K
  class space    used 7644K, capacity 8239K, committed 8360K, reserved 1048576K
GC Heap History (102 events):
Event: 1.724 GC heap before
{Heap before GC invocations=0 (full 0):
 def new generation   total 78656K, used 69952K [0x00000000e0000000, 0x00000000e5550000, 0x00000000eaaa0000)
  eden space 69952K, 100% used [0x00000000e0000000, 0x00000000e4450000, 0x00000000e4450000)
  from space 8704K,   0% used [0x00000000e4450000, 0x00000000e4450000, 0x00000000e4cd0000)
  to   space 8704K,   0% used [0x00000000e4cd0000, 0x00000000e4cd0000, 0x00000000e5550000)
 tenured generation   total 174784K, used 0K [0x00000000eaaa0000, 0x00000000f5550000, 0x0000000100000000)
   the space 174784K,   0% used [0x00000000eaaa0000, 0x00000000eaaa0000, 0x00000000eaaa0200, 0x00000000f5550000)
 Metaspace       used 8542K, capacity 8790K, committed 8832K, reserved 1056768K
  class space    used 1068K, capacity 1141K, committed 1152K, reserved 1048576K
Event: 1.740 GC heap after
Heap after GC invocations=1 (full 0):
 def new generation   total 78656K, used 6530K [0x00000000e0000000, 0x00000000e5550000, 0x00000000eaaa0000)
  eden space 69952K,   0% used [0x00000000e0000000, 0x00000000e0000000, 0x00000000e4450000)
  from space 8704K,  75% used [0x00000000e4cd0000, 0x00000000e5330bd0, 0x00000000e5550000)
  to   space 8704K,   0% used [0x00000000e4450000, 0x00000000e4450000, 0x00000000e4cd0000)
 tenured generation   total 174784K, used 0K [0x00000000eaaa0000, 0x00000000f5550000, 0x0000000100000000)
   the space 174784K,   0% used [0x00000000eaaa0000, 0x00000000eaaa0000, 0x00000000eaaa0200, 0x00000000f5550000)
 Metaspace       used 8542K, capacity 8790K, committed 8832K, reserved 1056768K
  class space    used 1068K, capacity 1141K, committed 1152K, reserved 1048576K
}
Event: 3.184 GC heap before
{Heap before GC invocations=1 (full 0):
 def new generation   total 78656K, used 76482K [0x00000000e0000000, 0x00000000e5550000, 0x00000000eaaa0000)
  eden space 69952K, 100% used [0x00000000e0000000, 0x00000000e4450000, 0x00000000e4450000)
  from space 8704K,  75% used [0x00000000e4cd0000, 0x00000000e5330bd0, 0x00000000e5550000)
  to   space 8704K,   0% used [0x00000000e4450000, 0x00000000e4450000, 0x00000000e4cd0000)
 tenured generation   total 174784K, used 0K [0x00000000eaaa0000, 0x00000000f5550000, 0x0000000100000000)
   the space 174784K,   0% used [0x00000000eaaa0000, 0x00000000eaaa0000, 0x00000000eaaa0200, 0x00000000f5550000)
 Metaspace       used 16689K, capacity 17248K, committed 17408K, reserved 1064960K
  class space    used 2302K, capacity 2480K, committed 2560K, reserved 1048576K
Event: 3.221 GC heap after
Heap after GC invocations=2 (full 0):
 def new generation   total 78656K, used 7512K [0x00000000e0000000, 0x00000000e5550000, 0x00000000eaaa0000)
  eden space 69952K,   0% used [0x00000000e0000000, 0x00000000e0000000, 0x00000000e4450000)
  from space 8704K,  86% used [0x00000000e4450000, 0x00000000e4ba6288, 0x00000000e4cd0000)
  to   space 8704K,   0% used [0x00000000e4cd0000, 0x00000000e4cd0000, 0x00000000e5550000)
 tenured generation   total 174784K, used 2868K [0x00000000eaaa0000, 0x00000000f5550000, 0x0000000100000000)
   the space 174784K,   1% used [0x00000000eaaa0000, 0x00000000ead6d2b8, 0x00000000ead6d400, 0x00000000f5550000)
 Metaspace       used 16689K, capacity 17248K, committed 17408K, reserved 1064960K
  class space    used 2302K, capacity 2480K, committed 2560K, reserved 1048576K
}
Event: 4.110 GC heap before
{Heap before GC invocations=2 (full 0):
 def new generation   total 78656K, used 59753K [0x00000000e0000000, 0x00000000e5550000, 0x00000000eaaa0000)
  eden space 69952K,  74% used [0x00000000e0000000, 0x00000000e33043d0, 0x00000000e4450000)
  from space 8704K,  86% used [0x00000000e4450000, 0x00000000e4ba6288, 0x00000000e4cd0000)
  to   space 8704K,   0% used [0x00000000e4cd0000, 0x00000000e4cd0000, 0x00000000e5550000)
 tenured generation   total 174784K, used 2868K [0x00000000eaaa0000, 0x00000000f5550000, 0x0000000100000000)
   the space 174784K,   1% used [0x00000000eaaa0000, 0x00000000ead6d2b8, 0x00000000ead6d400, 0x00000000f5550000)
 Metaspace       used 20635K, capacity 21266K, committed 21296K, reserved 1067008K
  class space    used 2918K, capacity 3101K, committed 3120K, reserved 1048576K
Event: 4.150 GC heap after
Heap after GC invocations=3 (full 1):
 def new generation   total 78784K, used 0K [0x00000000e0000000, 0x00000000e5570000, 0x00000000eaaa0000)
  eden space 70080K,   0% used [0x00000000e0000000, 0x00000000e0000000, 0x00000000e4470000)
  from space 8704K,   0% used [0x00000000e4470000, 0x00000000e4470000, 0x00000000e4cf0000)
  to   space 8704K,   0% used [0x00000000e4cf0000, 0x00000000e4cf0000, 0x00000000e5570000)
 tenured generation   total 174784K, used 10111K [0x00000000eaaa0000, 0x00000000f5550000, 0x0000000100000000)
   the space 174784K,   5% used [0x00000000eaaa0000, 0x00000000eb47ff60, 0x00000000eb480000, 0x00000000f5550000)
 Metaspace       used 20635K, capacity 21266K, committed 21296K, reserved 1067008K
  class space    used 2918K, capacity 3101K, committed 3120K, reserved 1048576K
}
Event: 5.607 GC heap before
{Heap before GC invocations=3 (full 1):
 def new generation   total 78784K, used 70080K [0x00000000e0000000, 0x00000000e5570000, 0x00000000eaaa0000)
  eden space 70080K, 100% used [0x00000000e0000000, 0x00000000e4470000, 0x00000000e4470000)
  from space 8704K,   0% used [0x00000000e4470000, 0x00000000e4470000, 0x00000000e4cf0000)
  to   space 8704K,   0% used [0x00000000e4cf0000, 0x00000000e4cf0000, 0x00000000e5570000)
 tenured generation   total 174784K, used 10111K [0x00000000eaaa0000, 0x00000000f5550000, 0x0000000100000000)
   the space 174784K,   5% used [0x00000000eaaa0000, 0x00000000eb47ff60, 0x00000000eb480000, 0x00000000f5550000)
 Metaspace       used 29271K, capacity 30100K, committed 30256K, reserved 1075200K
  class space    used 4078K, capacity 4283K, committed 4400K, reserved 1048576K
Event: 5.622 GC heap after
Heap after GC invocations=4 (full 1):
 def new generation   total 78784K, used 8409K [0x00000000e0000000, 0x00000000e5570000, 0x00000000eaaa0000)
  eden space 70080K,   0% used [0x00000000e0000000, 0x00000000e0000000, 0x00000000e4470000)
  from space 8704K,  96% used [0x00000000e4cf0000, 0x00000000e5526428, 0x00000000e5570000)
  to   space 8704K,   0% used [0x00000000e4470000, 0x00000000e4470000, 0x00000000e4cf0000)
 tenured generation   total 174784K, used 10111K [0x00000000eaaa0000, 0x00000000f5550000, 0x0000000100000000)
   the space 174784K,   5% used [0x00000000eaaa0000, 0x00000000eb47ff60, 0x00000000eb480000, 0x00000000f5550000)
 Metaspace       used 29271K, capacity 30100K, committed 30256K, reserved 1075200K
  class space    used 4078K, capacity 4283K, committed 4400K, reserved 1048576K
}
Event: 6.774 GC heap before
{Heap before GC invocations=4 (full 1):
 def new generation   total 78784K, used 76119K [0x00000000e0000000, 0x00000000e5570000, 0x00000000eaaa0000)
  eden space 70080K,  96% used [0x00000000e0000000, 0x00000000e421f858, 0x00000000e4470000)
  from space 8704K,  96% used [0x00000000e4cf0000, 0x00000000e5526428, 0x00000000e5570000)
  to   space 8704K,   0% used [0x00000000e4470000, 0x00000000e4470000, 0x00000000e4cf0000)
 tenured generation   total 174784K, used 10111K [0x00000000eaaa0000, 0x00000000f5550000, 0x0000000100000000)
   the space 174784K,   5% used [0x00000000eaaa0000, 0x00000000eb47ff60, 0x00000000eb480000, 0x00000000f5550000)
 Metaspace       used 34460K, capacity 35374K, committed 35496K, reserved 1079296K
  class space    used 4680K, capacity 4931K, committed 5032K, reserved 1048576K
Event: 6.849 GC heap after
Heap after GC invocations=5 (full 2):
 def new generation   total 78848K, used 0K [0x00000000e0000000, 0x00000000e5580000, 0x00000000eaaa0000)
  eden space 70144K,   0% used [0x00000000e0000000, 0x00000000e0000000, 0x00000000e4480000)
  from space 8704K,   0% used [0x00000000e4480000, 0x00000000e4480000, 0x00000000e4d00000)
  to   space 8704K,   0% used [0x00000000e4d00000, 0x00000000e4d00000, 0x00000000e5580000)
 tenured generation   total 174784K, used 19020K [0x00000000eaaa0000, 0x00000000f5550000, 0x0000000100000000)
   the space 174784K,  10% used [0x00000000eaaa0000, 0x00000000ebd33320, 0x00000000ebd33400, 0x00000000f5550000)
 Metaspace       used 34460K, capacity 35374K, committed 35496K, reserved 1079296K
  class space    used 4680K, capacity 4931K, committed 5032K, reserved 1048576K
}
Event: 8.075 GC heap before
{Heap before GC invocations=5 (full 2):
 def new generation   total 78848K, used 70144K [0x00000000e0000000, 0x00000000e5580000, 0x00000000eaaa0000)
  eden space 70144K, 100% used [0x00000000e0000000, 0x00000000e4480000, 0x00000000e4480000)
  from space 8704K,   0% used [0x00000000e4480000, 0x00000000e4480000, 0x00000000e4d00000)
  to   space 8704K,   0% used [0x00000000e4d00000, 0x00000000e4d00000, 0x00000000e5580000)
 tenured generation   total 174784K, used 19020K [0x00000000eaaa0000, 0x00000000f5550000, 0x0000000100000000)
   the space 174784K,  10% used [0x00000000eaaa0000, 0x00000000ebd33320, 0x00000000ebd33400, 0x00000000f5550000)
 Metaspace       used 38260K, capacity 39640K, committed 39720K, reserved 1083392K
  class space    used 5299K, capacity 5620K, committed 5672K, reserved 1048576K
Event: 8.089 GC heap after
Heap after GC invocations=6 (full 2):
 def new generation   total 78848K, used 5571K [0x00000000e0000000, 0x00000000e5580000, 0x00000000eaaa0000)
  eden space 70144K,   0% used [0x00000000e0000000, 0x00000000e0000000, 0x00000000e4480000)
  from space 8704K,  64% used [0x00000000e4d00000, 0x00000000e5270e20, 0x00000000e5580000)
  to   space 8704K,   0% used [0x00000000e4480000, 0x00000000e4480000, 0x00000000e4d00000)
 tenured generation   total 174784K, used 19020K [0x00000000eaaa0000, 0x00000000f5550000, 0x0000000100000000)
   the space 174784K,  10% used [0x00000000eaaa0000, 0x00000000ebd33320, 0x00000000ebd33400, 0x00000000f5550000)
 Metaspace       used 38260K, capacity 39640K, committed 39720K, reserved 1083392K
  class space    used 5299K, capacity 5620K, committed 5672K, reserved 1048576K
}
Event: 9.258 GC heap before
{Heap before GC invocations=6 (full 2):
 def new generation   total 78848K, used 75715K [0x00000000e0000000, 0x00000000e5580000, 0x00000000eaaa0000)
  eden space 70144K, 100% used [0x00000000e0000000, 0x00000000e4480000, 0x00000000e4480000)
  from space 8704K,  64% used [0x00000000e4d00000, 0x00000000e5270e20, 0x00000000e5580000)
  to   space 8704K,   0% used [0x00000000e4480000, 0x00000000e4480000, 0x00000000e4d00000)
 tenured generation   total 174784K, used 19020K [0x00000000eaaa0000, 0x00000000f5550000, 0x0000000100000000)
   the space 174784K,  10% used [0x00000000eaaa0000, 0x00000000ebd33320, 0x00000000ebd33400, 0x00000000f5550000)
 Metaspace       used 41402K, capacity 43402K, committed 43688K, reserved 1087488K
  class space    used 5813K, capacity 6211K, committed 6312K, reserved 1048576K
Event: 9.287 GC heap after
Heap after GC invocations=7 (full 2):
 def new generation   total 78848K, used 5964K [0x00000000e0000000, 0x00000000e5580000, 0x00000000eaaa0000)
  eden space 70144K,   0% used [0x00000000e0000000, 0x00000000e0000000, 0x00000000e4480000)
  from space 8704K,  68% used [0x00000000e4480000, 0x00000000e4a530c8, 0x00000000e4d00000)
  to   space 8704K,   0% used [0x00000000e4d00000, 0x00000000e4d00000, 0x00000000e5580000)
 tenured generation   total 174784K, used 21107K [0x00000000eaaa0000, 0x00000000f5550000, 0x0000000100000000)
   the space 174784K,  12% used [0x00000000eaaa0000, 0x00000000ebf3cc10, 0x00000000ebf3ce00, 0x00000000f5550000)
 Metaspace       used 41402K, capacity 43402K, committed 43688K, reserved 1087488K
  class space    used 5813K, capacity 6211K, committed 6312K, reserved 1048576K
}
Event: 11.263 GC heap before
{Heap before GC invocations=7 (full 2):
 def new generation   total 78848K, used 76108K [0x00000000e0000000, 0x00000000e5580000, 0x00000000eaaa0000)
  eden space 70144K, 100% used [0x00000000e0000000, 0x00000000e4480000, 0x00000000e4480000)
  from space 8704K,  68% used [0x00000000e4480000, 0x00000000e4a530c8, 0x00000000e4d00000)
  to   space 8704K,   0% used [0x00000000e4d00000, 0x00000000e4d00000, 0x00000000e5580000)
 tenured generation   total 174784K, used 21107K [0x00000000eaaa0000, 0x00000000f5550000, 0x0000000100000000)
   the space 174784K,  12% used [0x00000000eaaa0000, 0x00000000ebf3cc10, 0x00000000ebf3ce00, 0x00000000f5550000)
 Metaspace       used 44438K, capacity 46630K, committed 46888K, reserved 1089536K
  class space    used 6151K, capacity 6607K, committed 6696K, reserved 1048576K
Event: 11.314 GC heap after
Heap after GC invocations=8 (full 2):
 def new generation   total 78848K, used 7369K [0x00000000e0000000, 0x00000000e5580000, 0x00000000eaaa0000)
  eden space 70144K,   0% used [0x00000000e0000000, 0x00000000e0000000, 0x00000000e4480000)
  from space 8704K,  84% used [0x00000000e4d00000, 0x00000000e54326c8, 0x00000000e5580000)
  to   space 8704K,   0% used [0x00000000e4480000, 0x00000000e4480000, 0x00000000e4d00000)
 tenured generation   total 174784K, used 25365K [0x00000000eaaa0000, 0x00000000f5550000, 0x0000000100000000)
   the space 174784K,  14% used [0x00000000eaaa0000, 0x00000000ec3654c8, 0x00000000ec365600, 0x00000000f5550000)
 Metaspace       used 44438K, capacity 46630K, committed 46888K, reserved 1089536K
  class space    used 6151K, capacity 6607K, committed 6696K, reserved 1048576K
}
Event: 12.307 GC heap before
{Heap before GC invocations=8 (full 2):
 def new generation   total 78848K, used 77513K [0x00000000e0000000, 0x00000000e5580000, 0x00000000eaaa0000)
  eden space 70144K, 100% used [0x00000000e0000000, 0x00000000e4480000, 0x00000000e4480000)
  from space 8704K,  84% used [0x00000000e4d00000, 0x00000000e54326c8, 0x00000000e5580000)
  to   space 8704K,   0% used [0x00000000e4480000, 0x00000000e4480000, 0x00000000e4d00000)
 tenured generation   total 174784K, used 25365K [0x00000000eaaa0000, 0x00000000f5550000, 0x0000000100000000)
   the space 174784K,  14% used [0x00000000eaaa0000, 0x00000000ec3654c8, 0x00000000ec365600, 0x00000000f5550000)
 Metaspace       used 44849K, capacity 47072K, committed 47400K, reserved 1089536K
  class space    used 6168K, capacity 6616K, committed 6696K, reserved 1048576K
Event: 12.332 GC heap after
Heap after GC invocations=9 (full 2):
 def new generation   total 78848K, used 3016K [0x00000000e0000000, 0x00000000e5580000, 0x00000000eaaa0000)
  eden space 70144K,   0% used [0x00000000e0000000, 0x00000000e0000000, 0x00000000e4480000)
  from space 8704K,  34% used [0x00000000e4480000, 0x00000000e4772130, 0x00000000e4d00000)
  to   space 8704K,   0% used [0x00000000e4d00000, 0x00000000e4d00000, 0x00000000e5580000)
 tenured generation   total 174784K, used 30991K [0x00000000eaaa0000, 0x00000000f5550000, 0x0000000100000000)
   the space 174784K,  17% used [0x00000000eaaa0000, 0x00000000ec8e3c08, 0x00000000ec8e3e00, 0x00000000f5550000)
 Metaspace       used 44849K, capacity 47072K, committed 47400K, reserved 1089536K
  class space    used 6168K, capacity 6616K, committed 6696K, reserved 1048576K
}
Event: 13.309 GC heap before
{Heap before GC invocations=9 (full 2):
 def new generation   total 78848K, used 73160K [0x00000000e0000000, 0x00000000e5580000, 0x00000000eaaa0000)
  eden space 70144K, 100% used [0x00000000e0000000, 0x00000000e4480000, 0x00000000e4480000)
  from space 8704K,  34% used [0x00000000e4480000, 0x00000000e4772130, 0x00000000e4d00000)
  to   space 8704K,   0% used [0x00000000e4d00000, 0x00000000e4d00000, 0x00000000e5580000)
 tenured generation   total 174784K, used 30991K [0x00000000eaaa0000, 0x00000000f5550000, 0x0000000100000000)
   the space 174784K,  17% used [0x00000000eaaa0000, 0x00000000ec8e3c08, 0x00000000ec8e3e00, 0x00000000f5550000)
 Metaspace       used 45296K, capacity 47612K, committed 47912K, reserved 1091584K
  class space    used 6169K, capacity 6616K, committed 6696K, reserved 1048576K
Event: 13.337 GC heap after
Heap after GC invocations=10 (full 2):
 def new generation   total 78848K, used 6740K [0x00000000e0000000, 0x00000000e5580000, 0x00000000eaaa0000)
  eden space 70144K,   0% used [0x00000000e0000000, 0x00000000e0000000, 0x00000000e4480000)
  from space 8704K,  77% used [0x00000000e4d00000, 0x00000000e53950c0, 0x00000000e5580000)
  to   space 8704K,   0% used [0x00000000e4480000, 0x00000000e4480000, 0x00000000e4d00000)
 tenured generation   total 174784K, used 30991K [0x00000000eaaa0000, 0x00000000f5550000, 0x0000000100000000)
   the space 174784K,  17% used [0x00000000eaaa0000, 0x00000000ec8e3c08, 0x00000000ec8e3e00, 0x00000000f5550000)
 Metaspace       used 45296K, capacity 47612K, committed 47912K, reserved 1091584K
  class space    used 6169K, capacity 6616K, committed 6696K, reserved 1048576K
}
Event: 14.118 GC heap before
{Heap before GC invocations=10 (full 2):
 def new generation   total 78848K, used 76884K [0x00000000e0000000, 0x00000000e5580000, 0x00000000eaaa0000)
  eden space 70144K, 100% used [0x00000000e0000000, 0x00000000e4480000, 0x00000000e4480000)
  from space 8704K,  77% used [0x00000000e4d00000, 0x00000000e53950c0, 0x00000000e5580000)
  to   space 8704K,   0% used [0x00000000e4480000, 0x00000000e4480000, 0x00000000e4d00000)
 tenured generation   total 174784K, used 30991K [0x00000000eaaa0000, 0x00000000f5550000, 0x0000000100000000)
   the space 174784K,  17% used [0x00000000eaaa0000, 0x00000000ec8e3c08, 0x00000000ec8e3e00, 0x00000000f5550000)
 Metaspace       used 46002K, capacity 48390K, committed 48552K, reserved 1091584K
  class space    used 6254K, capacity 6713K, committed 6824K, reserved 1048576K
Event: 14.133 GC heap after
Heap after GC invocations=11 (full 2):
 def new generation   total 78848K, used 5430K [0x00000000e0000000, 0x00000000e5580000, 0x00000000eaaa0000)
  eden space 70144K,   0% used [0x00000000e0000000, 0x00000000e0000000, 0x00000000e4480000)
  from space 8704K,  62% used [0x00000000e4480000, 0x00000000e49cdbb0, 0x00000000e4d00000)
  to   space 8704K,   0% used [0x00000000e4d00000, 0x00000000e4d00000, 0x00000000e5580000)
 tenured generation   total 174784K, used 32966K [0x00000000eaaa0000, 0x00000000f5550000, 0x0000000100000000)
   the space 174784K,  18% used [0x00000000eaaa0000, 0x00000000ecad1928, 0x00000000ecad1a00, 0x00000000f5550000)
 Metaspace       used 46002K, capacity 48390K, committed 48552K, reserved 1091584K
  class space    used 6254K, capacity 6713K, committed 6824K, reserved 1048576K
}
Event: 15.019 GC heap before
{Heap before GC invocations=11 (full 2):
 def new generation   total 78848K, used 75574K [0x00000000e0000000, 0x00000000e5580000, 0x00000000eaaa0000)
  eden space 70144K, 100% used [0x00000000e0000000, 0x00000000e4480000, 0x00000000e4480000)
  from space 8704K,  62% used [0x00000000e4480000, 0x00000000e49cdbb0, 0x00000000e4d00000)
  to   space 8704K,   0% used [0x00000000e4d00000, 0x00000000e4d00000, 0x00000000e5580000)
 tenured generation   total 174784K, used 32966K [0x00000000eaaa0000, 0x00000000f5550000, 0x0000000100000000)
   the space 174784K,  18% used [0x00000000eaaa0000, 0x00000000ecad1928, 0x00000000ecad1a00, 0x00000000f5550000)
 Metaspace       used 47349K, capacity 49902K, committed 49960K, reserved 1091584K
  class space    used 6457K, capacity 6933K, committed 6952K, reserved 1048576K
Event: 15.090 GC heap after
Heap after GC invocations=12 (full 2):
 def new generation   total 78848K, used 8704K [0x00000000e0000000, 0x00000000e5580000, 0x00000000eaaa0000)
  eden space 70144K,   0% used [0x00000000e0000000, 0x00000000e0000000, 0x00000000e4480000)
  from space 8704K, 100% used [0x00000000e4d00000, 0x00000000e5580000, 0x00000000e5580000)
  to   space 8704K,   0% used [0x00000000e4480000, 0x00000000e4480000, 0x00000000e4d00000)
 tenured generation   total 174784K, used 48934K [0x00000000eaaa0000, 0x00000000f5550000, 0x0000000100000000)
   the space 174784K,  27% used [0x00000000eaaa0000, 0x00000000eda69918, 0x00000000eda69a00, 0x00000000f5550000)
 Metaspace       used 47349K, capacity 49902K, committed 49960K, reserved 1091584K
  class space    used 6457K, capacity 6933K, committed 6952K, reserved 1048576K
}
Event: 16.910 GC heap before
{Heap before GC invocations=12 (full 2):
 def new generation   total 78848K, used 78848K [0x00000000e0000000, 0x00000000e5580000, 0x00000000eaaa0000)
  eden space 70144K, 100% used [0x00000000e0000000, 0x00000000e4480000, 0x00000000e4480000)
  from space 8704K, 100% used [0x00000000e4d00000, 0x00000000e5580000, 0x00000000e5580000)
  to   space 8704K,   0% used [0x00000000e4480000, 0x00000000e4480000, 0x00000000e4d00000)
 tenured generation   total 174784K, used 48934K [0x00000000eaaa0000, 0x00000000f5550000, 0x0000000100000000)
   the space 174784K,  27% used [0x00000000eaaa0000, 0x00000000eda69918, 0x00000000eda69a00, 0x00000000f5550000)
 Metaspace       used 51391K, capacity 53960K, committed 54056K, reserved 1095680K
  class space    used 6935K, capacity 7425K, committed 7464K, reserved 1048576K
Event: 16.949 GC heap after
Heap after GC invocations=13 (full 2):
 def new generation   total 78848K, used 6193K [0x00000000e0000000, 0x00000000e5580000, 0x00000000eaaa0000)
  eden space 70144K,   0% used [0x00000000e0000000, 0x00000000e0000000, 0x00000000e4480000)
  from space 8704K,  71% used [0x00000000e4480000, 0x00000000e4a8c6f0, 0x00000000e4d00000)
  to   space 8704K,   0% used [0x00000000e4d00000, 0x00000000e4d00000, 0x00000000e5580000)
 tenured generation   total 174784K, used 57625K [0x00000000eaaa0000, 0x00000000f5550000, 0x0000000100000000)
   the space 174784K,  32% used [0x00000000eaaa0000, 0x00000000ee2e66e8, 0x00000000ee2e6800, 0x00000000f5550000)
 Metaspace       used 51391K, capacity 53960K, committed 54056K, reserved 1095680K
  class space    used 6935K, capacity 7425K, committed 7464K, reserved 1048576K
}
Event: 17.906 GC heap before
{Heap before GC invocations=13 (full 2):
 def new generation   total 78848K, used 76337K [0x00000000e0000000, 0x00000000e5580000, 0x00000000eaaa0000)
  eden space 70144K, 100% used [0x00000000e0000000, 0x00000000e4480000, 0x00000000e4480000)
  from space 8704K,  71% used [0x00000000e4480000, 0x00000000e4a8c6f0, 0x00000000e4d00000)
  to   space 8704K,   0% used [0x00000000e4d00000, 0x00000000e4d00000, 0x00000000e5580000)
 tenured generation   total 174784K, used 57625K [0x00000000eaaa0000, 0x00000000f5550000, 0x0000000100000000)
   the space 174784K,  32% used [0x00000000eaaa0000, 0x00000000ee2e66e8, 0x00000000ee2e6800, 0x00000000f5550000)
 Metaspace       used 52529K, capacity 55182K, committed 55464K, reserved 1097728K
  class space    used 7057K, capacity 7559K, committed 7592K, reserved 1048576K
Event: 17.947 GC heap after
Heap after GC invocations=14 (full 2):
 def new generation   total 78848K, used 8704K [0x00000000e0000000, 0x00000000e5580000, 0x00000000eaaa0000)
  eden space 70144K,   0% used [0x00000000e0000000, 0x00000000e0000000, 0x00000000e4480000)
  from space 8704K, 100% used [0x00000000e4d00000, 0x00000000e5580000, 0x00000000e5580000)
  to   space 8704K,   0% used [0x00000000e4480000, 0x00000000e4480000, 0x00000000e4d00000)
 tenured generation   total 174784K, used 63784K [0x00000000eaaa0000, 0x00000000f5550000, 0x0000000100000000)
   the space 174784K,  36% used [0x00000000eaaa0000, 0x00000000ee8ea2e0, 0x00000000ee8ea400, 0x00000000f5550000)
 Metaspace       used 52529K, capacity 55182K, committed 55464K, reserved 1097728K
  class space    used 7057K, capacity 7559K, committed 7592K, reserved 1048576K
}
Event: 18.522 GC heap before
{Heap before GC invocations=14 (full 2):
 def new generation   total 78848K, used 78848K [0x00000000e0000000, 0x00000000e5580000, 0x00000000eaaa0000)
  eden space 70144K, 100% used [0x00000000e0000000, 0x00000000e4480000, 0x00000000e4480000)
  from space 8704K, 100% used [0x00000000e4d00000, 0x00000000e5580000, 0x00000000e5580000)
  to   space 8704K,   0% used [0x00000000e4480000, 0x00000000e4480000, 0x00000000e4d00000)
 tenured generation   total 174784K, used 63784K [0x00000000eaaa0000, 0x00000000f5550000, 0x0000000100000000)
   the space 174784K,  36% used [0x00000000eaaa0000, 0x00000000ee8ea2e0, 0x00000000ee8ea400, 0x00000000f5550000)
 Metaspace       used 53602K, capacity 56352K, committed 56616K, reserved 1097728K
  class space    used 7153K, capacity 7690K, committed 7720K, reserved 1048576K
Event: 18.560 GC heap after
Heap after GC invocations=15 (full 2):
 def new generation   total 78848K, used 2802K [0x00000000e0000000, 0x00000000e5580000, 0x00000000eaaa0000)
  eden space 70144K,   0% used [0x00000000e0000000, 0x00000000e0000000, 0x00000000e4480000)
  from space 8704K,  32% used [0x00000000e4480000, 0x00000000e473c900, 0x00000000e4d00000)
  to   space 8704K,   0% used [0x00000000e4d00000, 0x00000000e4d00000, 0x00000000e5580000)
 tenured generation   total 174784K, used 72453K [0x00000000eaaa0000, 0x00000000f5550000, 0x0000000100000000)
   the space 174784K,  41% used [0x00000000eaaa0000, 0x00000000ef161620, 0x00000000ef161800, 0x00000000f5550000)
 Metaspace       used 53602K, capacity 56352K, committed 56616K, reserved 1097728K
  class space    used 7153K, capacity 7690K, committed 7720K, reserved 1048576K
}
Event: 18.852 GC heap before
{Heap before GC invocations=15 (full 2):
 def new generation   total 78848K, used 72946K [0x00000000e0000000, 0x00000000e5580000, 0x00000000eaaa0000)
  eden space 70144K, 100% used [0x00000000e0000000, 0x00000000e4480000, 0x00000000e4480000)
  from space 8704K,  32% used [0x00000000e4480000, 0x00000000e473c900, 0x00000000e4d00000)
  to   space 8704K,   0% used [0x00000000e4d00000, 0x00000000e4d00000, 0x00000000e5580000)
 tenured generation   total 174784K, used 72453K [0x00000000eaaa0000, 0x00000000f5550000, 0x0000000100000000)
   the space 174784K,  41% used [0x00000000eaaa0000, 0x00000000ef161620, 0x00000000ef161800, 0x00000000f5550000)
 Metaspace       used 53716K, capacity 56480K, committed 56616K, reserved 1097728K
  class space    used 7154K, capacity 7690K, committed 7720K, reserved 1048576K
Event: 18.866 GC heap after
Heap after GC invocations=16 (full 2):
 def new generation   total 78848K, used 4145K [0x00000000e0000000, 0x00000000e5580000, 0x00000000eaaa0000)
  eden space 70144K,   0% used [0x00000000e0000000, 0x00000000e0000000, 0x00000000e4480000)
  from space 8704K,  47% used [0x00000000e4d00000, 0x00000000e510c4b0, 0x00000000e5580000)
  to   space 8704K,   0% used [0x00000000e4480000, 0x00000000e4480000, 0x00000000e4d00000)
 tenured generation   total 174784K, used 72453K [0x00000000eaaa0000, 0x00000000f5550000, 0x0000000100000000)
   the space 174784K,  41% used [0x00000000eaaa0000, 0x00000000ef161620, 0x00000000ef161800, 0x00000000f5550000)
 Metaspace       used 53716K, capacity 56480K, committed 56616K, reserved 1097728K
  class space    used 7154K, capacity 7690K, committed 7720K, reserved 1048576K
}
Event: 21.268 GC heap before
{Heap before GC invocations=16 (full 2):
 def new generation   total 78848K, used 74289K [0x00000000e0000000, 0x00000000e5580000, 0x00000000eaaa0000)
  eden space 70144K, 100% used [0x00000000e0000000, 0x00000000e4480000, 0x00000000e4480000)
  from space 8704K,  47% used [0x00000000e4d00000, 0x00000000e510c4b0, 0x00000000e5580000)
  to   space 8704K,   0% used [0x00000000e4480000, 0x00000000e4480000, 0x00000000e4d00000)
 tenured generation   total 174784K, used 72453K [0x00000000eaaa0000, 0x00000000f5550000, 0x0000000100000000)
   the space 174784K,  41% used [0x00000000eaaa0000, 0x00000000ef161620, 0x00000000ef161800, 0x00000000f5550000)
 Metaspace       used 55363K, capacity 58186K, committed 58408K, reserved 1099776K
  class space    used 7324K, capacity 7853K, committed 7976K, reserved 1048576K
Event: 21.299 GC heap after
Heap after GC invocations=17 (full 2):
 def new generation   total 78848K, used 8207K [0x00000000e0000000, 0x00000000e5580000, 0x00000000eaaa0000)
  eden space 70144K,   0% used [0x00000000e0000000, 0x00000000e0000000, 0x00000000e4480000)
  from space 8704K,  94% used [0x00000000e4480000, 0x00000000e4c83ca0, 0x00000000e4d00000)
  to   space 8704K,   0% used [0x00000000e4d00000, 0x00000000e4d00000, 0x00000000e5580000)
 tenured generation   total 174784K, used 72453K [0x00000000eaaa0000, 0x00000000f5550000, 0x0000000100000000)
   the space 174784K,  41% used [0x00000000eaaa0000, 0x00000000ef161620, 0x00000000ef161800, 0x00000000f5550000)
 Metaspace       used 55363K, capacity 58186K, committed 58408K, reserved 1099776K
  class space    used 7324K, capacity 7853K, committed 7976K, reserved 1048576K
}
Event: 21.903 GC heap before
{Heap before GC invocations=17 (full 2):
 def new generation   total 78848K, used 78351K [0x00000000e0000000, 0x00000000e5580000, 0x00000000eaaa0000)
  eden space 70144K, 100% used [0x00000000e0000000, 0x00000000e4480000, 0x00000000e4480000)
  from space 8704K,  94% used [0x00000000e4480000, 0x00000000e4c83ca0, 0x00000000e4d00000)
  to   space 8704K,   0% used [0x00000000e4d00000, 0x00000000e4d00000, 0x00000000e5580000)
 tenured generation   total 174784K, used 72453K [0x00000000eaaa0000, 0x00000000f5550000, 0x0000000100000000)
   the space 174784K,  41% used [0x00000000eaaa0000, 0x00000000ef161620, 0x00000000ef161800, 0x00000000f5550000)
 Metaspace       used 55661K, capacity 58478K, committed 58664K, reserved 1099776K
  class space    used 7338K, capacity 7861K, committed 7976K, reserved 1048576K
Event: 21.929 GC heap after
Heap after GC invocations=18 (full 2):
 def new generation   total 78848K, used 4419K [0x00000000e0000000, 0x00000000e5580000, 0x00000000eaaa0000)
  eden space 70144K,   0% used [0x00000000e0000000, 0x00000000e0000000, 0x00000000e4480000)
  from space 8704K,  50% used [0x00000000e4d00000, 0x00000000e5150cc8, 0x00000000e5580000)
  to   space 8704K,   0% used [0x00000000e4480000, 0x00000000e4480000, 0x00000000e4d00000)
 tenured generation   total 174784K, used 76564K [0x00000000eaaa0000, 0x00000000f5550000, 0x0000000100000000)
   the space 174784K,  43% used [0x00000000eaaa0000, 0x00000000ef565218, 0x00000000ef565400, 0x00000000f5550000)
 Metaspace       used 55661K, capacity 58478K, committed 58664K, reserved 1099776K
  class space    used 7338K, capacity 7861K, committed 7976K, reserved 1048576K
}
Event: 27.483 GC heap before
{Heap before GC invocations=18 (full 2):
 def new generation   total 78848K, used 22851K [0x00000000e0000000, 0x00000000e5580000, 0x00000000eaaa0000)
  eden space 70144K,  26% used [0x00000000e0000000, 0x00000000e11fffa8, 0x00000000e4480000)
  from space 8704K,  50% used [0x00000000e4d00000, 0x00000000e5150cc8, 0x00000000e5580000)
  to   space 8704K,   0% used [0x00000000e4480000, 0x00000000e4480000, 0x00000000e4d00000)
 tenured generation   total 174784K, used 76564K [0x00000000eaaa0000, 0x00000000f5550000, 0x0000000100000000)
   the space 174784K,  43% used [0x00000000eaaa0000, 0x00000000ef565218, 0x00000000ef565400, 0x00000000f5550000)
 Metaspace       used 56289K, capacity 59114K, committed 59160K, reserved 1099776K
  class space    used 7395K, capacity 7937K, committed 7976K, reserved 1048576K
Event: 27.678 GC heap after
Heap after GC invocations=19 (full 3):
 def new generation   total 78912K, used 0K [0x00000000e0000000, 0x00000000e55a0000, 0x00000000eaaa0000)
  eden space 70144K,   0% used [0x00000000e0000000, 0x00000000e0000000, 0x00000000e4480000)
  from space 8768K,   0% used [0x00000000e4480000, 0x00000000e4480000, 0x00000000e4d10000)
  to   space 8768K,   0% used [0x00000000e4d10000, 0x00000000e4d10000, 0x00000000e55a0000)
 tenured generation   total 174784K, used 73391K [0x00000000eaaa0000, 0x00000000f5550000, 0x0000000100000000)
   the space 174784K,  41% used [0x00000000eaaa0000, 0x00000000ef24bf78, 0x00000000ef24c000, 0x00000000f5550000)
 Metaspace       used 54917K, capacity 57636K, committed 59160K, reserved 1099776K
  class space    used 7232K, capacity 7763K, committed 7976K, reserved 1048576K
}
Event: 683.729 GC heap before
{Heap before GC invocations=19 (full 3):
 def new generation   total 78912K, used 70144K [0x00000000e0000000, 0x00000000e55a0000, 0x00000000eaaa0000)
  eden space 70144K, 100% used [0x00000000e0000000, 0x00000000e4480000, 0x00000000e4480000)
  from space 8768K,   0% used [0x00000000e4480000, 0x00000000e4480000, 0x00000000e4d10000)
  to   space 8768K,   0% used [0x00000000e4d10000, 0x00000000e4d10000, 0x00000000e55a0000)
 tenured generation   total 174784K, used 73391K [0x00000000eaaa0000, 0x00000000f5550000, 0x0000000100000000)
   the space 174784K,  41% used [0x00000000eaaa0000, 0x00000000ef24bf78, 0x00000000ef24c000, 0x00000000f5550000)
 Metaspace       used 55421K, capacity 58134K, committed 59432K, reserved 1101824K
  class space    used 7259K, capacity 7810K, committed 7976K, reserved 1048576K
Event: 683.749 GC heap after
Heap after GC invocations=20 (full 3):
 def new generation   total 78912K, used 5521K [0x00000000e0000000, 0x00000000e55a0000, 0x00000000eaaa0000)
  eden space 70144K,   0% used [0x00000000e0000000, 0x00000000e0000000, 0x00000000e4480000)
  from space 8768K,  62% used [0x00000000e4d10000, 0x00000000e52747b8, 0x00000000e55a0000)
  to   space 8768K,   0% used [0x00000000e4480000, 0x00000000e4480000, 0x00000000e4d10000)
 tenured generation   total 174784K, used 73391K [0x00000000eaaa0000, 0x00000000f5550000, 0x0000000100000000)
   the space 174784K,  41% used [0x00000000eaaa0000, 0x00000000ef24bf78, 0x00000000ef24c000, 0x00000000f5550000)
 Metaspace       used 55421K, capacity 58134K, committed 59432K, reserved 1101824K
  class space    used 7259K, capacity 7810K, committed 7976K, reserved 1048576K
}
Event: 684.314 GC heap before
{Heap before GC invocations=20 (full 3):
 def new generation   total 78912K, used 75665K [0x00000000e0000000, 0x00000000e55a0000, 0x00000000eaaa0000)
  eden space 70144K, 100% used [0x00000000e0000000, 0x00000000e4480000, 0x00000000e4480000)
  from space 8768K,  62% used [0x00000000e4d10000, 0x00000000e52747b8, 0x00000000e55a0000)
  to   space 8768K,   0% used [0x00000000e4480000, 0x00000000e4480000, 0x00000000e4d10000)
 tenured generation   total 174784K, used 73391K [0x00000000eaaa0000, 0x00000000f5550000, 0x0000000100000000)
   the space 174784K,  41% used [0x00000000eaaa0000, 0x00000000ef24bf78, 0x00000000ef24c000, 0x00000000f5550000)
 Metaspace       used 55548K, capacity 58274K, committed 59432K, reserved 1101824K
  class space    used 7260K, capacity 7812K, committed 7976K, reserved 1048576K
Event: 684.351 GC heap after
Heap after GC invocations=21 (full 3):
 def new generation   total 78912K, used 3322K [0x00000000e0000000, 0x00000000e55a0000, 0x00000000eaaa0000)
  eden space 70144K,   0% used [0x00000000e0000000, 0x00000000e0000000, 0x00000000e4480000)
  from space 8768K,  37% used [0x00000000e4480000, 0x00000000e47be960, 0x00000000e4d10000)
  to   space 8768K,   0% used [0x00000000e4d10000, 0x00000000e4d10000, 0x00000000e55a0000)
 tenured generation   total 174784K, used 78611K [0x00000000eaaa0000, 0x00000000f5550000, 0x0000000100000000)
   the space 174784K,  44% used [0x00000000eaaa0000, 0x00000000ef764c68, 0x00000000ef764e00, 0x00000000f5550000)
 Metaspace       used 55548K, capacity 58274K, committed 59432K, reserved 1101824K
  class space    used 7260K, capacity 7812K, committed 7976K, reserved 1048576K
}
Event: 684.963 GC heap before
{Heap before GC invocations=21 (full 3):
 def new generation   total 78912K, used 73466K [0x00000000e0000000, 0x00000000e55a0000, 0x00000000eaaa0000)
  eden space 70144K, 100% used [0x00000000e0000000, 0x00000000e4480000, 0x00000000e4480000)
  from space 8768K,  37% used [0x00000000e4480000, 0x00000000e47be960, 0x00000000e4d10000)
  to   space 8768K,   0% used [0x00000000e4d10000, 0x00000000e4d10000, 0x00000000e55a0000)
 tenured generation   total 174784K, used 78611K [0x00000000eaaa0000, 0x00000000f5550000, 0x0000000100000000)
   the space 174784K,  44% used [0x00000000eaaa0000, 0x00000000ef764c68, 0x00000000ef764e00, 0x00000000f5550000)
 Metaspace       used 55696K, capacity 58470K, committed 59432K, reserved 1101824K
  class space    used 7260K, capacity 7812K, committed 7976K, reserved 1048576K
Event: 684.977 GC heap after
Heap after GC invocations=22 (full 3):
 def new generation   total 78912K, used 6768K [0x00000000e0000000, 0x00000000e55a0000, 0x00000000eaaa0000)
  eden space 70144K,   0% used [0x00000000e0000000, 0x00000000e0000000, 0x00000000e4480000)
  from space 8768K,  77% used [0x00000000e4d10000, 0x00000000e53ac198, 0x00000000e55a0000)
  to   space 8768K,   0% used [0x00000000e4480000, 0x00000000e4480000, 0x00000000e4d10000)
 tenured generation   total 174784K, used 78611K [0x00000000eaaa0000, 0x00000000f5550000, 0x0000000100000000)
   the space 174784K,  44% used [0x00000000eaaa0000, 0x00000000ef764c68, 0x00000000ef764e00, 0x00000000f5550000)
 Metaspace       used 55696K, capacity 58470K, committed 59432K, reserved 1101824K
  class space    used 7260K, capacity 7812K, committed 7976K, reserved 1048576K
}
Event: 686.285 GC heap before
{Heap before GC invocations=22 (full 3):
 def new generation   total 78912K, used 76912K [0x00000000e0000000, 0x00000000e55a0000, 0x00000000eaaa0000)
  eden space 70144K, 100% used [0x00000000e0000000, 0x00000000e4480000, 0x00000000e4480000)
  from space 8768K,  77% used [0x00000000e4d10000, 0x00000000e53ac198, 0x00000000e55a0000)
  to   space 8768K,   0% used [0x00000000e4480000, 0x00000000e4480000, 0x00000000e4d10000)
 tenured generation   total 174784K, used 78611K [0x00000000eaaa0000, 0x00000000f5550000, 0x0000000100000000)
   the space 174784K,  44% used [0x00000000eaaa0000, 0x00000000ef764c68, 0x00000000ef764e00, 0x00000000f5550000)
 Metaspace       used 55812K, capacity 58654K, committed 59432K, reserved 1101824K
  class space    used 7267K, capacity 7822K, committed 7976K, reserved 1048576K
Event: 686.300 GC heap after
Heap after GC invocations=23 (full 3):
 def new generation   total 78912K, used 5733K [0x00000000e0000000, 0x00000000e55a0000, 0x00000000eaaa0000)
  eden space 70144K,   0% used [0x00000000e0000000, 0x00000000e0000000, 0x00000000e4480000)
  from space 8768K,  65% used [0x00000000e4480000, 0x00000000e4a19420, 0x00000000e4d10000)
  to   space 8768K,   0% used [0x00000000e4d10000, 0x00000000e4d10000, 0x00000000e55a0000)
 tenured generation   total 174784K, used 80899K [0x00000000eaaa0000, 0x00000000f5550000, 0x0000000100000000)
   the space 174784K,  46% used [0x00000000eaaa0000, 0x00000000ef9a0e48, 0x00000000ef9a1000, 0x00000000f5550000)
 Metaspace       used 55812K, capacity 58654K, committed 59432K, reserved 1101824K
  class space    used 7267K, capacity 7822K, committed 7976K, reserved 1048576K
}
Event: 686.980 GC heap before
{Heap before GC invocations=23 (full 3):
 def new generation   total 78912K, used 75877K [0x00000000e0000000, 0x00000000e55a0000, 0x00000000eaaa0000)
  eden space 70144K, 100% used [0x00000000e0000000, 0x00000000e4480000, 0x00000000e4480000)
  from space 8768K,  65% used [0x00000000e4480000, 0x00000000e4a19420, 0x00000000e4d10000)
  to   space 8768K,   0% used [0x00000000e4d10000, 0x00000000e4d10000, 0x00000000e55a0000)
 tenured generation   total 174784K, used 80899K [0x00000000eaaa0000, 0x00000000f5550000, 0x0000000100000000)
   the space 174784K,  46% used [0x00000000eaaa0000, 0x00000000ef9a0e48, 0x00000000ef9a1000, 0x00000000f5550000)
 Metaspace       used 55852K, capacity 58718K, committed 59432K, reserved 1101824K
  class space    used 7267K, capacity 7822K, committed 7976K, reserved 1048576K
Event: 687.011 GC heap after
Heap after GC invocations=24 (full 3):
 def new generation   total 78912K, used 8768K [0x00000000e0000000, 0x00000000e55a0000, 0x00000000eaaa0000)
  eden space 70144K,   0% used [0x00000000e0000000, 0x00000000e0000000, 0x00000000e4480000)
  from space 8768K, 100% used [0x00000000e4d10000, 0x00000000e55a0000, 0x00000000e55a0000)
  to   space 8768K,   0% used [0x00000000e4480000, 0x00000000e4480000, 0x00000000e4d10000)
 tenured generation   total 174784K, used 90096K [0x00000000eaaa0000, 0x00000000f5550000, 0x0000000100000000)
   the space 174784K,  51% used [0x00000000eaaa0000, 0x00000000f029c200, 0x00000000f029c200, 0x00000000f5550000)
 Metaspace       used 55852K, capacity 58718K, committed 59432K, reserved 1101824K
  class space    used 7267K, capacity 7822K, committed 7976K, reserved 1048576K
}
Event: 687.744 GC heap before
{Heap before GC invocations=24 (full 3):
 def new generation   total 78912K, used 78912K [0x00000000e0000000, 0x00000000e55a0000, 0x00000000eaaa0000)
  eden space 70144K, 100% used [0x00000000e0000000, 0x00000000e4480000, 0x00000000e4480000)
  from space 8768K, 100% used [0x00000000e4d10000, 0x00000000e55a0000, 0x00000000e55a0000)
  to   space 8768K,   0% used [0x00000000e4480000, 0x00000000e4480000, 0x00000000e4d10000)
 tenured generation   total 174784K, used 90096K [0x00000000eaaa0000, 0x00000000f5550000, 0x0000000100000000)
   the space 174784K,  51% used [0x00000000eaaa0000, 0x00000000f029c200, 0x00000000f029c200, 0x00000000f5550000)
 Metaspace       used 57116K, capacity 59972K, committed 60328K, reserved 1101824K
  class space    used 7416K, capacity 7988K, committed 8104K, reserved 1048576K
Event: 687.769 GC heap after
Heap after GC invocations=25 (full 3):
 def new generation   total 78912K, used 4074K [0x00000000e0000000, 0x00000000e55a0000, 0x00000000eaaa0000)
  eden space 70144K,   0% used [0x00000000e0000000, 0x00000000e0000000, 0x00000000e4480000)
  from space 8768K,  46% used [0x00000000e4480000, 0x00000000e487a9d8, 0x00000000e4d10000)
  to   space 8768K,   0% used [0x00000000e4d10000, 0x00000000e4d10000, 0x00000000e55a0000)
 tenured generation   total 174784K, used 98655K [0x00000000eaaa0000, 0x00000000f5550000, 0x0000000100000000)
   the space 174784K,  56% used [0x00000000eaaa0000, 0x00000000f0af7f18, 0x00000000f0af8000, 0x00000000f5550000)
 Metaspace       used 57116K, capacity 59972K, committed 60328K, reserved 1101824K
  class space    used 7416K, capacity 7988K, committed 8104K, reserved 1048576K
}
Event: 688.192 GC heap before
{Heap before GC invocations=25 (full 3):
 def new generation   total 78912K, used 74218K [0x00000000e0000000, 0x00000000e55a0000, 0x00000000eaaa0000)
  eden space 70144K, 100% used [0x00000000e0000000, 0x00000000e4480000, 0x00000000e4480000)
  from space 8768K,  46% used [0x00000000e4480000, 0x00000000e487a9d8, 0x00000000e4d10000)
  to   space 8768K,   0% used [0x00000000e4d10000, 0x00000000e4d10000, 0x00000000e55a0000)
 tenured generation   total 174784K, used 98655K [0x00000000eaaa0000, 0x00000000f5550000, 0x0000000100000000)
   the space 174784K,  56% used [0x00000000eaaa0000, 0x00000000f0af7f18, 0x00000000f0af8000, 0x00000000f5550000)
 Metaspace       used 57273K, capacity 60106K, committed 60328K, reserved 1101824K
  class space    used 7426K, capacity 7989K, committed 8104K, reserved 1048576K
Event: 688.210 GC heap after
Heap after GC invocations=26 (full 3):
 def new generation   total 78912K, used 6478K [0x00000000e0000000, 0x00000000e55a0000, 0x00000000eaaa0000)
  eden space 70144K,   0% used [0x00000000e0000000, 0x00000000e0000000, 0x00000000e4480000)
  from space 8768K,  73% used [0x00000000e4d10000, 0x00000000e5363a08, 0x00000000e55a0000)
  to   space 8768K,   0% used [0x00000000e4480000, 0x00000000e4480000, 0x00000000e4d10000)
 tenured generation   total 174784K, used 98655K [0x00000000eaaa0000, 0x00000000f5550000, 0x0000000100000000)
   the space 174784K,  56% used [0x00000000eaaa0000, 0x00000000f0af7f18, 0x00000000f0af8000, 0x00000000f5550000)
 Metaspace       used 57273K, capacity 60106K, committed 60328K, reserved 1101824K
  class space    used 7426K, capacity 7989K, committed 8104K, reserved 1048576K
}
Event: 688.480 GC heap before
{Heap before GC invocations=26 (full 3):
 def new generation   total 78912K, used 76622K [0x00000000e0000000, 0x00000000e55a0000, 0x00000000eaaa0000)
  eden space 70144K, 100% used [0x00000000e0000000, 0x00000000e4480000, 0x00000000e4480000)
  from space 8768K,  73% used [0x00000000e4d10000, 0x00000000e5363a08, 0x00000000e55a0000)
  to   space 8768K,   0% used [0x00000000e4480000, 0x00000000e4480000, 0x00000000e4d10000)
 tenured generation   total 174784K, used 98655K [0x00000000eaaa0000, 0x00000000f5550000, 0x0000000100000000)
   the space 174784K,  56% used [0x00000000eaaa0000, 0x00000000f0af7f18, 0x00000000f0af8000, 0x00000000f5550000)
 Metaspace       used 57285K, capacity 60110K, committed 60328K, reserved 1101824K
  class space    used 7426K, capacity 7989K, committed 8104K, reserved 1048576K
Event: 688.509 GC heap after
Heap after GC invocations=27 (full 3):
 def new generation   total 78912K, used 4504K [0x00000000e0000000, 0x00000000e55a0000, 0x00000000eaaa0000)
  eden space 70144K,   0% used [0x00000000e0000000, 0x00000000e0000000, 0x00000000e4480000)
  from space 8768K,  51% used [0x00000000e4480000, 0x00000000e48e60f8, 0x00000000e4d10000)
  to   space 8768K,   0% used [0x00000000e4d10000, 0x00000000e4d10000, 0x00000000e55a0000)
 tenured generation   total 174784K, used 101132K [0x00000000eaaa0000, 0x00000000f5550000, 0x0000000100000000)
   the space 174784K,  57% used [0x00000000eaaa0000, 0x00000000f0d63248, 0x00000000f0d63400, 0x00000000f5550000)
 Metaspace       used 57285K, capacity 60110K, committed 60328K, reserved 1101824K
  class space    used 7426K, capacity 7989K, committed 8104K, reserved 1048576K
}
Event: 760.498 GC heap before
{Heap before GC invocations=27 (full 3):
 def new generation   total 78912K, used 74648K [0x00000000e0000000, 0x00000000e55a0000, 0x00000000eaaa0000)
  eden space 70144K, 100% used [0x00000000e0000000, 0x00000000e4480000, 0x00000000e4480000)
  from space 8768K,  51% used [0x00000000e4480000, 0x00000000e48e60f8, 0x00000000e4d10000)
  to   space 8768K,   0% used [0x00000000e4d10000, 0x00000000e4d10000, 0x00000000e55a0000)
 tenured generation   total 174784K, used 101132K [0x00000000eaaa0000, 0x00000000f5550000, 0x0000000100000000)
   the space 174784K,  57% used [0x00000000eaaa0000, 0x00000000f0d63248, 0x00000000f0d63400, 0x00000000f5550000)
 Metaspace       used 57450K, capacity 60342K, committed 60584K, reserved 1101824K
  class space    used 7439K, capacity 8007K, committed 8104K, reserved 1048576K
Event: 760.545 GC heap after
Heap after GC invocations=28 (full 3):
 def new generation   total 78912K, used 6072K [0x00000000e0000000, 0x00000000e55a0000, 0x00000000eaaa0000)
  eden space 70144K,   0% used [0x00000000e0000000, 0x00000000e0000000, 0x00000000e4480000)
  from space 8768K,  69% used [0x00000000e4d10000, 0x00000000e52fe320, 0x00000000e55a0000)
  to   space 8768K,   0% used [0x00000000e4480000, 0x00000000e4480000, 0x00000000e4d10000)
 tenured generation   total 174784K, used 104828K [0x00000000eaaa0000, 0x00000000f5550000, 0x0000000100000000)
   the space 174784K,  59% used [0x00000000eaaa0000, 0x00000000f10ff3e0, 0x00000000f10ff400, 0x00000000f5550000)
 Metaspace       used 57450K, capacity 60342K, committed 60584K, reserved 1101824K
  class space    used 7439K, capacity 8007K, committed 8104K, reserved 1048576K
}
Event: 760.989 GC heap before
{Heap before GC invocations=28 (full 3):
 def new generation   total 78912K, used 76216K [0x00000000e0000000, 0x00000000e55a0000, 0x00000000eaaa0000)
  eden space 70144K, 100% used [0x00000000e0000000, 0x00000000e4480000, 0x00000000e4480000)
  from space 8768K,  69% used [0x00000000e4d10000, 0x00000000e52fe320, 0x00000000e55a0000)
  to   space 8768K,   0% used [0x00000000e4480000, 0x00000000e4480000, 0x00000000e4d10000)
 tenured generation   total 174784K, used 104828K [0x00000000eaaa0000, 0x00000000f5550000, 0x0000000100000000)
   the space 174784K,  59% used [0x00000000eaaa0000, 0x00000000f10ff3e0, 0x00000000f10ff400, 0x00000000f5550000)
 Metaspace       used 57505K, capacity 60406K, committed 60584K, reserved 1101824K
  class space    used 7439K, capacity 8007K, committed 8104K, reserved 1048576K
Event: 761.010 GC heap after
Heap after GC invocations=29 (full 3):
 def new generation   total 78912K, used 3284K [0x00000000e0000000, 0x00000000e55a0000, 0x00000000eaaa0000)
  eden space 70144K,   0% used [0x00000000e0000000, 0x00000000e0000000, 0x00000000e4480000)
  from space 8768K,  37% used [0x00000000e4480000, 0x00000000e47b50b8, 0x00000000e4d10000)
  to   space 8768K,   0% used [0x00000000e4d10000, 0x00000000e4d10000, 0x00000000e55a0000)
 tenured generation   total 174784K, used 110428K [0x00000000eaaa0000, 0x00000000f5550000, 0x0000000100000000)
   the space 174784K,  63% used [0x00000000eaaa0000, 0x00000000f1677050, 0x00000000f1677200, 0x00000000f5550000)
 Metaspace       used 57505K, capacity 60406K, committed 60584K, reserved 1101824K
  class space    used 7439K, capacity 8007K, committed 8104K, reserved 1048576K
}
Event: 761.508 GC heap before
{Heap before GC invocations=29 (full 3):
 def new generation   total 78912K, used 73428K [0x00000000e0000000, 0x00000000e55a0000, 0x00000000eaaa0000)
  eden space 70144K, 100% used [0x00000000e0000000, 0x00000000e4480000, 0x00000000e4480000)
  from space 8768K,  37% used [0x00000000e4480000, 0x00000000e47b50b8, 0x00000000e4d10000)
  to   space 8768K,   0% used [0x00000000e4d10000, 0x00000000e4d10000, 0x00000000e55a0000)
 tenured generation   total 174784K, used 110428K [0x00000000eaaa0000, 0x00000000f5550000, 0x0000000100000000)
   the space 174784K,  63% used [0x00000000eaaa0000, 0x00000000f1677050, 0x00000000f1677200, 0x00000000f5550000)
 Metaspace       used 57594K, capacity 60474K, committed 60584K, reserved 1101824K
  class space    used 7439K, capacity 8007K, committed 8104K, reserved 1048576K
Event: 761.533 GC heap after
Heap after GC invocations=30 (full 3):
 def new generation   total 78912K, used 6823K [0x00000000e0000000, 0x00000000e55a0000, 0x00000000eaaa0000)
  eden space 70144K,   0% used [0x00000000e0000000, 0x00000000e0000000, 0x00000000e4480000)
  from space 8768K,  77% used [0x00000000e4d10000, 0x00000000e53b9f08, 0x00000000e55a0000)
  to   space 8768K,   0% used [0x00000000e4480000, 0x00000000e4480000, 0x00000000e4d10000)
 tenured generation   total 174784K, used 110428K [0x00000000eaaa0000, 0x00000000f5550000, 0x0000000100000000)
   the space 174784K,  63% used [0x00000000eaaa0000, 0x00000000f1677050, 0x00000000f1677200, 0x00000000f5550000)
 Metaspace       used 57594K, capacity 60474K, committed 60584K, reserved 1101824K
  class space    used 7439K, capacity 8007K, committed 8104K, reserved 1048576K
}
Event: 761.921 GC heap before
{Heap before GC invocations=30 (full 3):
 def new generation   total 78912K, used 76967K [0x00000000e0000000, 0x00000000e55a0000, 0x00000000eaaa0000)
  eden space 70144K, 100% used [0x00000000e0000000, 0x00000000e4480000, 0x00000000e4480000)
  from space 8768K,  77% used [0x00000000e4d10000, 0x00000000e53b9f08, 0x00000000e55a0000)
  to   space 8768K,   0% used [0x00000000e4480000, 0x00000000e4480000, 0x00000000e4d10000)
 tenured generation   total 174784K, used 110428K [0x00000000eaaa0000, 0x00000000f5550000, 0x0000000100000000)
   the space 174784K,  63% used [0x00000000eaaa0000, 0x00000000f1677050, 0x00000000f1677200, 0x00000000f5550000)
 Metaspace       used 57612K, capacity 60478K, committed 60584K, reserved 1101824K
  class space    used 7439K, capacity 8007K, committed 8104K, reserved 1048576K
Event: 761.944 GC heap after
Heap after GC invocations=31 (full 3):
 def new generation   total 78912K, used 5204K [0x00000000e0000000, 0x00000000e55a0000, 0x00000000eaaa0000)
  eden space 70144K,   0% used [0x00000000e0000000, 0x00000000e0000000, 0x00000000e4480000)
  from space 8768K,  59% used [0x00000000e4480000, 0x00000000e4995140, 0x00000000e4d10000)
  to   space 8768K,   0% used [0x00000000e4d10000, 0x00000000e4d10000, 0x00000000e55a0000)
 tenured generation   total 174784K, used 112616K [0x00000000eaaa0000, 0x00000000f5550000, 0x0000000100000000)
   the space 174784K,  64% used [0x00000000eaaa0000, 0x00000000f189a1a8, 0x00000000f189a200, 0x00000000f5550000)
 Metaspace       used 57612K, capacity 60478K, committed 60584K, reserved 1101824K
  class space    used 7439K, capacity 8007K, committed 8104K, reserved 1048576K
}
Event: 762.230 GC heap before
{Heap before GC invocations=31 (full 3):
 def new generation   total 78912K, used 75348K [0x00000000e0000000, 0x00000000e55a0000, 0x00000000eaaa0000)
  eden space 70144K, 100% used [0x00000000e0000000, 0x00000000e4480000, 0x00000000e4480000)
  from space 8768K,  59% used [0x00000000e4480000, 0x00000000e4995140, 0x00000000e4d10000)
  to   space 8768K,   0% used [0x00000000e4d10000, 0x00000000e4d10000, 0x00000000e55a0000)
 tenured generation   total 174784K, used 112616K [0x00000000eaaa0000, 0x00000000f5550000, 0x0000000100000000)
   the space 174784K,  64% used [0x00000000eaaa0000, 0x00000000f189a1a8, 0x00000000f189a200, 0x00000000f5550000)
 Metaspace       used 57629K, capacity 60546K, committed 60840K, reserved 1101824K
  class space    used 7439K, capacity 8007K, committed 8104K, reserved 1048576K
Event: 762.249 GC heap after
Heap after GC invocations=32 (full 3):
 def new generation   total 78912K, used 2359K [0x00000000e0000000, 0x00000000e55a0000, 0x00000000eaaa0000)
  eden space 70144K,   0% used [0x00000000e0000000, 0x00000000e0000000, 0x00000000e4480000)
  from space 8768K,  26% used [0x00000000e4d10000, 0x00000000e4f5dd28, 0x00000000e55a0000)
  to   space 8768K,   0% used [0x00000000e4480000, 0x00000000e4480000, 0x00000000e4d10000)
 tenured generation   total 174784K, used 115879K [0x00000000eaaa0000, 0x00000000f5550000, 0x0000000100000000)
   the space 174784K,  66% used [0x00000000eaaa0000, 0x00000000f1bc9c40, 0x00000000f1bc9e00, 0x00000000f5550000)
 Metaspace       used 57629K, capacity 60546K, committed 60840K, reserved 1101824K
  class space    used 7439K, capacity 8007K, committed 8104K, reserved 1048576K
}
Event: 1409.039 GC heap before
{Heap before GC invocations=32 (full 3):
 def new generation   total 78912K, used 72503K [0x00000000e0000000, 0x00000000e55a0000, 0x00000000eaaa0000)
  eden space 70144K, 100% used [0x00000000e0000000, 0x00000000e4480000, 0x00000000e4480000)
  from space 8768K,  26% used [0x00000000e4d10000, 0x00000000e4f5dd28, 0x00000000e55a0000)
  to   space 8768K,   0% used [0x00000000e4480000, 0x00000000e4480000, 0x00000000e4d10000)
 tenured generation   total 174784K, used 115879K [0x00000000eaaa0000, 0x00000000f5550000, 0x0000000100000000)
   the space 174784K,  66% used [0x00000000eaaa0000, 0x00000000f1bc9c40, 0x00000000f1bc9e00, 0x00000000f5550000)
 Metaspace       used 57859K, capacity 60828K, committed 61096K, reserved 1101824K
  class space    used 7453K, capacity 8032K, committed 8104K, reserved 1048576K
Event: 1409.074 GC heap after
Heap after GC invocations=33 (full 3):
 def new generation   total 78912K, used 7723K [0x00000000e0000000, 0x00000000e55a0000, 0x00000000eaaa0000)
  eden space 70144K,   0% used [0x00000000e0000000, 0x00000000e0000000, 0x00000000e4480000)
  from space 8768K,  88% used [0x00000000e4480000, 0x00000000e4c0afc8, 0x00000000e4d10000)
  to   space 8768K,   0% used [0x00000000e4d10000, 0x00000000e4d10000, 0x00000000e55a0000)
 tenured generation   total 174784K, used 115879K [0x00000000eaaa0000, 0x00000000f5550000, 0x0000000100000000)
   the space 174784K,  66% used [0x00000000eaaa0000, 0x00000000f1bc9c40, 0x00000000f1bc9e00, 0x00000000f5550000)
 Metaspace       used 57859K, capacity 60828K, committed 61096K, reserved 1101824K
  class space    used 7453K, capacity 8032K, committed 8104K, reserved 1048576K
}
Event: 1409.437 GC heap before
{Heap before GC invocations=33 (full 3):
 def new generation   total 78912K, used 77867K [0x00000000e0000000, 0x00000000e55a0000, 0x00000000eaaa0000)
  eden space 70144K, 100% used [0x00000000e0000000, 0x00000000e4480000, 0x00000000e4480000)
  from space 8768K,  88% used [0x00000000e4480000, 0x00000000e4c0afc8, 0x00000000e4d10000)
  to   space 8768K,   0% used [0x00000000e4d10000, 0x00000000e4d10000, 0x00000000e55a0000)
 tenured generation   total 174784K, used 115879K [0x00000000eaaa0000, 0x00000000f5550000, 0x0000000100000000)
   the space 174784K,  66% used [0x00000000eaaa0000, 0x00000000f1bc9c40, 0x00000000f1bc9e00, 0x00000000f5550000)
 Metaspace       used 57865K, capacity 60828K, committed 61096K, reserved 1101824K
  class space    used 7453K, capacity 8032K, committed 8104K, reserved 1048576K
Event: 1409.468 GC heap after
Heap after GC invocations=34 (full 3):
 def new generation   total 78912K, used 3581K [0x00000000e0000000, 0x00000000e55a0000, 0x00000000eaaa0000)
  eden space 70144K,   0% used [0x00000000e0000000, 0x00000000e0000000, 0x00000000e4480000)
  from space 8768K,  40% used [0x00000000e4d10000, 0x00000000e508f410, 0x00000000e55a0000)
  to   space 8768K,   0% used [0x00000000e4480000, 0x00000000e4480000, 0x00000000e4d10000)
 tenured generation   total 174784K, used 123323K [0x00000000eaaa0000, 0x00000000f5550000, 0x0000000100000000)
   the space 174784K,  70% used [0x00000000eaaa0000, 0x00000000f230ec70, 0x00000000f230ee00, 0x00000000f5550000)
 Metaspace       used 57865K, capacity 60828K, committed 61096K, reserved 1101824K
  class space    used 7453K, capacity 8032K, committed 8104K, reserved 1048576K
}
Event: 1409.873 GC heap before
{Heap before GC invocations=34 (full 3):
 def new generation   total 78912K, used 73725K [0x00000000e0000000, 0x00000000e55a0000, 0x00000000eaaa0000)
  eden space 70144K, 100% used [0x00000000e0000000, 0x00000000e4480000, 0x00000000e4480000)
  from space 8768K,  40% used [0x00000000e4d10000, 0x00000000e508f410, 0x00000000e55a0000)
  to   space 8768K,   0% used [0x00000000e4480000, 0x00000000e4480000, 0x00000000e4d10000)
 tenured generation   total 174784K, used 123323K [0x00000000eaaa0000, 0x00000000f5550000, 0x0000000100000000)
   the space 174784K,  70% used [0x00000000eaaa0000, 0x00000000f230ec70, 0x00000000f230ee00, 0x00000000f5550000)
 Metaspace       used 57915K, capacity 60840K, committed 61096K, reserved 1101824K
  class space    used 7454K, capacity 8034K, committed 8104K, reserved 1048576K
Event: 1409.895 GC heap after
Heap after GC invocations=35 (full 3):
 def new generation   total 78912K, used 6724K [0x00000000e0000000, 0x00000000e55a0000, 0x00000000eaaa0000)
  eden space 70144K,   0% used [0x00000000e0000000, 0x00000000e0000000, 0x00000000e4480000)
  from space 8768K,  76% used [0x00000000e4480000, 0x00000000e4b11320, 0x00000000e4d10000)
  to   space 8768K,   0% used [0x00000000e4d10000, 0x00000000e4d10000, 0x00000000e55a0000)
 tenured generation   total 174784K, used 123323K [0x00000000eaaa0000, 0x00000000f5550000, 0x0000000100000000)
   the space 174784K,  70% used [0x00000000eaaa0000, 0x00000000f230ec70, 0x00000000f230ee00, 0x00000000f5550000)
 Metaspace       used 57915K, capacity 60840K, committed 61096K, reserved 1101824K
  class space    used 7454K, capacity 8034K, committed 8104K, reserved 1048576K
}
Event: 1411.911 GC heap before
{Heap before GC invocations=35 (full 3):
 def new generation   total 78912K, used 76868K [0x00000000e0000000, 0x00000000e55a0000, 0x00000000eaaa0000)
  eden space 70144K, 100% used [0x00000000e0000000, 0x00000000e4480000, 0x00000000e4480000)
  from space 8768K,  76% used [0x00000000e4480000, 0x00000000e4b11320, 0x00000000e4d10000)
  to   space 8768K,   0% used [0x00000000e4d10000, 0x00000000e4d10000, 0x00000000e55a0000)
 tenured generation   total 174784K, used 123323K [0x00000000eaaa0000, 0x00000000f5550000, 0x0000000100000000)
   the space 174784K,  70% used [0x00000000eaaa0000, 0x00000000f230ec70, 0x00000000f230ee00, 0x00000000f5550000)
 Metaspace       used 57930K, capacity 60846K, committed 61096K, reserved 1101824K
  class space    used 7456K, capacity 8035K, committed 8104K, reserved 1048576K
Event: 1411.928 GC heap after
Heap after GC invocations=36 (full 3):
 def new generation   total 78912K, used 5398K [0x00000000e0000000, 0x00000000e55a0000, 0x00000000eaaa0000)
  eden space 70144K,   0% used [0x00000000e0000000, 0x00000000e0000000, 0x00000000e4480000)
  from space 8768K,  61% used [0x00000000e4d10000, 0x00000000e5255ab0, 0x00000000e55a0000)
  to   space 8768K,   0% used [0x00000000e4480000, 0x00000000e4480000, 0x00000000e4d10000)
 tenured generation   total 174784K, used 126342K [0x00000000eaaa0000, 0x00000000f5550000, 0x0000000100000000)
   the space 174784K,  72% used [0x00000000eaaa0000, 0x00000000f2601a68, 0x00000000f2601c00, 0x00000000f5550000)
 Metaspace       used 57930K, capacity 60846K, committed 61096K, reserved 1101824K
  class space    used 7456K, capacity 8035K, committed 8104K, reserved 1048576K
}
Event: 1412.249 GC heap before
{Heap before GC invocations=36 (full 3):
 def new generation   total 78912K, used 75542K [0x00000000e0000000, 0x00000000e55a0000, 0x00000000eaaa0000)
  eden space 70144K, 100% used [0x00000000e0000000, 0x00000000e4480000, 0x00000000e4480000)
  from space 8768K,  61% used [0x00000000e4d10000, 0x00000000e5255ab0, 0x00000000e55a0000)
  to   space 8768K,   0% used [0x00000000e4480000, 0x00000000e4480000, 0x00000000e4d10000)
 tenured generation   total 174784K, used 126342K [0x00000000eaaa0000, 0x00000000f5550000, 0x0000000100000000)
   the space 174784K,  72% used [0x00000000eaaa0000, 0x00000000f2601a68, 0x00000000f2601c00, 0x00000000f5550000)
 Metaspace       used 57940K, capacity 60974K, committed 61096K, reserved 1101824K
  class space    used 7456K, capacity 8035K, committed 8104K, reserved 1048576K
Event: 1412.265 GC heap after
Heap after GC invocations=37 (full 3):
 def new generation   total 78912K, used 2496K [0x00000000e0000000, 0x00000000e55a0000, 0x00000000eaaa0000)
  eden space 70144K,   0% used [0x00000000e0000000, 0x00000000e0000000, 0x00000000e4480000)
  from space 8768K,  28% used [0x00000000e4480000, 0x00000000e46f0288, 0x00000000e4d10000)
  to   space 8768K,   0% used [0x00000000e4d10000, 0x00000000e4d10000, 0x00000000e55a0000)
 tenured generation   total 174784K, used 129540K [0x00000000eaaa0000, 0x00000000f5550000, 0x0000000100000000)
   the space 174784K,  74% used [0x00000000eaaa0000, 0x00000000f2921098, 0x00000000f2921200, 0x00000000f5550000)
 Metaspace       used 57940K, capacity 60974K, committed 61096K, reserved 1101824K
  class space    used 7456K, capacity 8035K, committed 8104K, reserved 1048576K
}
Event: 4612.116 GC heap before
{Heap before GC invocations=37 (full 3):
 def new generation   total 78912K, used 72640K [0x00000000e0000000, 0x00000000e55a0000, 0x00000000eaaa0000)
  eden space 70144K, 100% used [0x00000000e0000000, 0x00000000e4480000, 0x00000000e4480000)
  from space 8768K,  28% used [0x00000000e4480000, 0x00000000e46f0288, 0x00000000e4d10000)
  to   space 8768K,   0% used [0x00000000e4d10000, 0x00000000e4d10000, 0x00000000e55a0000)
 tenured generation   total 174784K, used 129540K [0x00000000eaaa0000, 0x00000000f5550000, 0x0000000100000000)
   the space 174784K,  74% used [0x00000000eaaa0000, 0x00000000f2921098, 0x00000000f2921200, 0x00000000f5550000)
 Metaspace       used 58035K, capacity 61128K, committed 61352K, reserved 1101824K
  class space    used 7464K, capacity 8050K, committed 8104K, reserved 1048576K
Event: 4612.123 GC heap after
Heap after GC invocations=38 (full 3):
 def new generation   total 78912K, used 2698K [0x00000000e0000000, 0x00000000e55a0000, 0x00000000eaaa0000)
  eden space 70144K,   0% used [0x00000000e0000000, 0x00000000e0000000, 0x00000000e4480000)
  from space 8768K,  30% used [0x00000000e4d10000, 0x00000000e4fb2840, 0x00000000e55a0000)
  to   space 8768K,   0% used [0x00000000e4480000, 0x00000000e4480000, 0x00000000e4d10000)
 tenured generation   total 174784K, used 129540K [0x00000000eaaa0000, 0x00000000f5550000, 0x0000000100000000)
   the space 174784K,  74% used [0x00000000eaaa0000, 0x00000000f2921098, 0x00000000f2921200, 0x00000000f5550000)
 Metaspace       used 58035K, capacity 61128K, committed 61352K, reserved 1101824K
  class space    used 7464K, capacity 8050K, committed 8104K, reserved 1048576K
}
Event: 6929.658 GC heap before
{Heap before GC invocations=38 (full 3):
 def new generation   total 78912K, used 72842K [0x00000000e0000000, 0x00000000e55a0000, 0x00000000eaaa0000)
  eden space 70144K, 100% used [0x00000000e0000000, 0x00000000e4480000, 0x00000000e4480000)
  from space 8768K,  30% used [0x00000000e4d10000, 0x00000000e4fb2840, 0x00000000e55a0000)
  to   space 8768K,   0% used [0x00000000e4480000, 0x00000000e4480000, 0x00000000e4d10000)
 tenured generation   total 174784K, used 129540K [0x00000000eaaa0000, 0x00000000f5550000, 0x0000000100000000)
   the space 174784K,  74% used [0x00000000eaaa0000, 0x00000000f2921098, 0x00000000f2921200, 0x00000000f5550000)
 Metaspace       used 58080K, capacity 61128K, committed 61352K, reserved 1101824K
  class space    used 7464K, capacity 8050K, committed 8104K, reserved 1048576K
Event: 6929.674 GC heap after
Heap after GC invocations=39 (full 3):
 def new generation   total 78912K, used 5344K [0x00000000e0000000, 0x00000000e55a0000, 0x00000000eaaa0000)
  eden space 70144K,   0% used [0x00000000e0000000, 0x00000000e0000000, 0x00000000e4480000)
  from space 8768K,  60% used [0x00000000e4480000, 0x00000000e49b83f8, 0x00000000e4d10000)
  to   space 8768K,   0% used [0x00000000e4d10000, 0x00000000e4d10000, 0x00000000e55a0000)
 tenured generation   total 174784K, used 129540K [0x00000000eaaa0000, 0x00000000f5550000, 0x0000000100000000)
   the space 174784K,  74% used [0x00000000eaaa0000, 0x00000000f2921098, 0x00000000f2921200, 0x00000000f5550000)
 Metaspace       used 58080K, capacity 61128K, committed 61352K, reserved 1101824K
  class space    used 7464K, capacity 8050K, committed 8104K, reserved 1048576K
}
Event: 6930.141 GC heap before
{Heap before GC invocations=39 (full 3):
 def new generation   total 78912K, used 75488K [0x00000000e0000000, 0x00000000e55a0000, 0x00000000eaaa0000)
  eden space 70144K, 100% used [0x00000000e0000000, 0x00000000e4480000, 0x00000000e4480000)
  from space 8768K,  60% used [0x00000000e4480000, 0x00000000e49b83f8, 0x00000000e4d10000)
  to   space 8768K,   0% used [0x00000000e4d10000, 0x00000000e4d10000, 0x00000000e55a0000)
 tenured generation   total 174784K, used 129540K [0x00000000eaaa0000, 0x00000000f5550000, 0x0000000100000000)
   the space 174784K,  74% used [0x00000000eaaa0000, 0x00000000f2921098, 0x00000000f2921200, 0x00000000f5550000)
 Metaspace       used 58081K, capacity 61128K, committed 61352K, reserved 1101824K
  class space    used 7464K, capacity 8050K, committed 8104K, reserved 1048576K
Event: 6930.182 GC heap after
Heap after GC invocations=40 (full 3):
 def new generation   total 78912K, used 8283K [0x00000000e0000000, 0x00000000e55a0000, 0x00000000eaaa0000)
  eden space 70144K,   0% used [0x00000000e0000000, 0x00000000e0000000, 0x00000000e4480000)
  from space 8768K,  94% used [0x00000000e4d10000, 0x00000000e5526cc8, 0x00000000e55a0000)
  to   space 8768K,   0% used [0x00000000e4480000, 0x00000000e4480000, 0x00000000e4d10000)
 tenured generation   total 174784K, used 131034K [0x00000000eaaa0000, 0x00000000f5550000, 0x0000000100000000)
   the space 174784K,  74% used [0x00000000eaaa0000, 0x00000000f2a96ae8, 0x00000000f2a96c00, 0x00000000f5550000)
 Metaspace       used 58081K, capacity 61128K, committed 61352K, reserved 1101824K
  class space    used 7464K, capacity 8050K, committed 8104K, reserved 1048576K
}
Event: 6930.546 GC heap before
{Heap before GC invocations=40 (full 3):
 def new generation   total 78912K, used 78427K [0x00000000e0000000, 0x00000000e55a0000, 0x00000000eaaa0000)
  eden space 70144K, 100% used [0x00000000e0000000, 0x00000000e4480000, 0x00000000e4480000)
  from space 8768K,  94% used [0x00000000e4d10000, 0x00000000e5526cc8, 0x00000000e55a0000)
  to   space 8768K,   0% used [0x00000000e4480000, 0x00000000e4480000, 0x00000000e4d10000)
 tenured generation   total 174784K, used 131034K [0x00000000eaaa0000, 0x00000000f5550000, 0x0000000100000000)
   the space 174784K,  74% used [0x00000000eaaa0000, 0x00000000f2a96ae8, 0x00000000f2a96c00, 0x00000000f5550000)
 Metaspace       used 58107K, capacity 61128K, committed 61352K, reserved 1101824K
  class space    used 7464K, capacity 8050K, committed 8104K, reserved 1048576K
Event: 6930.602 GC heap after
Heap after GC invocations=41 (full 3):
 def new generation   total 78912K, used 4442K [0x00000000e0000000, 0x00000000e55a0000, 0x00000000eaaa0000)
  eden space 70144K,   0% used [0x00000000e0000000, 0x00000000e0000000, 0x00000000e4480000)
  from space 8768K,  50% used [0x00000000e4480000, 0x00000000e48d6950, 0x00000000e4d10000)
  to   space 8768K,   0% used [0x00000000e4d10000, 0x00000000e4d10000, 0x00000000e55a0000)
 tenured generation   total 174784K, used 138728K [0x00000000eaaa0000, 0x00000000f5550000, 0x0000000100000000)
   the space 174784K,  79% used [0x00000000eaaa0000, 0x00000000f321a2a8, 0x00000000f321a400, 0x00000000f5550000)
 Metaspace       used 58107K, capacity 61128K, committed 61352K, reserved 1101824K
  class space    used 7464K, capacity 8050K, committed 8104K, reserved 1048576K
}
Event: 6930.931 GC heap before
{Heap before GC invocations=41 (full 3):
 def new generation   total 78912K, used 74586K [0x00000000e0000000, 0x00000000e55a0000, 0x00000000eaaa0000)
  eden space 70144K, 100% used [0x00000000e0000000, 0x00000000e4480000, 0x00000000e4480000)
  from space 8768K,  50% used [0x00000000e4480000, 0x00000000e48d6950, 0x00000000e4d10000)
  to   space 8768K,   0% used [0x00000000e4d10000, 0x00000000e4d10000, 0x00000000e55a0000)
 tenured generation   total 174784K, used 138728K [0x00000000eaaa0000, 0x00000000f5550000, 0x0000000100000000)
   the space 174784K,  79% used [0x00000000eaaa0000, 0x00000000f321a2a8, 0x00000000f321a400, 0x00000000f5550000)
 Metaspace       used 58161K, capacity 61272K, committed 61352K, reserved 1101824K
  class space    used 7467K, capacity 8054K, committed 8104K, reserved 1048576K
Event: 6930.956 GC heap after
Heap after GC invocations=42 (full 3):
 def new generation   total 78912K, used 2362K [0x00000000e0000000, 0x00000000e55a0000, 0x00000000eaaa0000)
  eden space 70144K,   0% used [0x00000000e0000000, 0x00000000e0000000, 0x00000000e4480000)
  from space 8768K,  26% used [0x00000000e4d10000, 0x00000000e4f5eac8, 0x00000000e55a0000)
  to   space 8768K,   0% used [0x00000000e4480000, 0x00000000e4480000, 0x00000000e4d10000)
 tenured generation   total 174784K, used 142678K [0x00000000eaaa0000, 0x00000000f5550000, 0x0000000100000000)
   the space 174784K,  81% used [0x00000000eaaa0000, 0x00000000f35f5a38, 0x00000000f35f5c00, 0x00000000f5550000)
 Metaspace       used 58161K, capacity 61272K, committed 61352K, reserved 1101824K
  class space    used 7467K, capacity 8054K, committed 8104K, reserved 1048576K
}
Event: 6932.146 GC heap before
{Heap before GC invocations=42 (full 3):
 def new generation   total 78912K, used 72506K [0x00000000e0000000, 0x00000000e55a0000, 0x00000000eaaa0000)
  eden space 70144K, 100% used [0x00000000e0000000, 0x00000000e4480000, 0x00000000e4480000)
  from space 8768K,  26% used [0x00000000e4d10000, 0x00000000e4f5eac8, 0x00000000e55a0000)
  to   space 8768K,   0% used [0x00000000e4480000, 0x00000000e4480000, 0x00000000e4d10000)
 tenured generation   total 174784K, used 142678K [0x00000000eaaa0000, 0x00000000f5550000, 0x0000000100000000)
   the space 174784K,  81% used [0x00000000eaaa0000, 0x00000000f35f5a38, 0x00000000f35f5c00, 0x00000000f5550000)
 Metaspace       used 58206K, capacity 61356K, committed 61608K, reserved 1103872K
  class space    used 7471K, capacity 8058K, committed 8104K, reserved 1048576K
Event: 6932.188 GC heap after
Heap after GC invocations=43 (full 3):
 def new generation   total 78912K, used 8767K [0x00000000e0000000, 0x00000000e55a0000, 0x00000000eaaa0000)
  eden space 70144K,   0% used [0x00000000e0000000, 0x00000000e0000000, 0x00000000e4480000)
  from space 8768K,  99% used [0x00000000e4480000, 0x00000000e4d0fff8, 0x00000000e4d10000)
  to   space 8768K,   0% used [0x00000000e4d10000, 0x00000000e4d10000, 0x00000000e55a0000)
 tenured generation   total 174784K, used 146733K [0x00000000eaaa0000, 0x00000000f5550000, 0x0000000100000000)
   the space 174784K,  83% used [0x00000000eaaa0000, 0x00000000f39eb610, 0x00000000f39eb800, 0x00000000f5550000)
 Metaspace       used 58206K, capacity 61356K, committed 61608K, reserved 1103872K
  class space    used 7471K, capacity 8058K, committed 8104K, reserved 1048576K
}
Event: 6932.786 GC heap before
{Heap before GC invocations=43 (full 3):
 def new generation   total 78912K, used 78911K [0x00000000e0000000, 0x00000000e55a0000, 0x00000000eaaa0000)
  eden space 70144K, 100% used [0x00000000e0000000, 0x00000000e4480000, 0x00000000e4480000)
  from space 8768K,  99% used [0x00000000e4480000, 0x00000000e4d0fff8, 0x00000000e4d10000)
  to   space 8768K,   0% used [0x00000000e4d10000, 0x00000000e4d10000, 0x00000000e55a0000)
 tenured generation   total 174784K, used 146733K [0x00000000eaaa0000, 0x00000000f5550000, 0x0000000100000000)
   the space 174784K,  83% used [0x00000000eaaa0000, 0x00000000f39eb610, 0x00000000f39eb800, 0x00000000f5550000)
 Metaspace       used 58917K, capacity 62098K, committed 62248K, reserved 1103872K
  class space    used 7572K, capacity 8160K, committed 8232K, reserved 1048576K
Event: 6932.837 GC heap after
Heap after GC invocations=44 (full 3):
 def new generation   total 78912K, used 6619K [0x00000000e0000000, 0x00000000e55a0000, 0x00000000eaaa0000)
  eden space 70144K,   0% used [0x00000000e0000000, 0x00000000e0000000, 0x00000000e4480000)
  from space 8768K,  75% used [0x00000000e4d10000, 0x00000000e5386fb8, 0x00000000e55a0000)
  to   space 8768K,   0% used [0x00000000e4480000, 0x00000000e4480000, 0x00000000e4d10000)
 tenured generation   total 174784K, used 155323K [0x00000000eaaa0000, 0x00000000f5550000, 0x0000000100000000)
   the space 174784K,  88% used [0x00000000eaaa0000, 0x00000000f424ec10, 0x00000000f424ee00, 0x00000000f5550000)
 Metaspace       used 58917K, capacity 62098K, committed 62248K, reserved 1103872K
  class space    used 7572K, capacity 8160K, committed 8232K, reserved 1048576K
}
Event: 6933.242 GC heap before
{Heap before GC invocations=44 (full 3):
 def new generation   total 78912K, used 76763K [0x00000000e0000000, 0x00000000e55a0000, 0x00000000eaaa0000)
  eden space 70144K, 100% used [0x00000000e0000000, 0x00000000e4480000, 0x00000000e4480000)
  from space 8768K,  75% used [0x00000000e4d10000, 0x00000000e5386fb8, 0x00000000e55a0000)
  to   space 8768K,   0% used [0x00000000e4480000, 0x00000000e4480000, 0x00000000e4d10000)
 tenured generation   total 174784K, used 155323K [0x00000000eaaa0000, 0x00000000f5550000, 0x0000000100000000)
   the space 174784K,  88% used [0x00000000eaaa0000, 0x00000000f424ec10, 0x00000000f424ee00, 0x00000000f5550000)
 Metaspace       used 59518K, capacity 62674K, committed 62760K, reserved 1103872K
  class space    used 7624K, capacity 8224K, committed 8232K, reserved 1048576K
Event: 6933.277 GC heap after
Heap after GC invocations=45 (full 3):
 def new generation   total 78912K, used 2805K [0x00000000e0000000, 0x00000000e55a0000, 0x00000000eaaa0000)
  eden space 70144K,   0% used [0x00000000e0000000, 0x00000000e0000000, 0x00000000e4480000)
  from space 8768K,  31% used [0x00000000e4480000, 0x00000000e473d490, 0x00000000e4d10000)
  to   space 8768K,   0% used [0x00000000e4d10000, 0x00000000e4d10000, 0x00000000e55a0000)
 tenured generation   total 174784K, used 161154K [0x00000000eaaa0000, 0x00000000f5550000, 0x0000000100000000)
   the space 174784K,  92% used [0x00000000eaaa0000, 0x00000000f4800a10, 0x00000000f4800c00, 0x00000000f5550000)
 Metaspace       used 59518K, capacity 62674K, committed 62760K, reserved 1103872K
  class space    used 7624K, capacity 8224K, committed 8232K, reserved 1048576K
}
Event: 6933.495 GC heap before
{Heap before GC invocations=45 (full 3):
 def new generation   total 78912K, used 72949K [0x00000000e0000000, 0x00000000e55a0000, 0x00000000eaaa0000)
  eden space 70144K, 100% used [0x00000000e0000000, 0x00000000e4480000, 0x00000000e4480000)
  from space 8768K,  31% used [0x00000000e4480000, 0x00000000e473d490, 0x00000000e4d10000)
  to   space 8768K,   0% used [0x00000000e4d10000, 0x00000000e4d10000, 0x00000000e55a0000)
 tenured generation   total 174784K, used 161154K [0x00000000eaaa0000, 0x00000000f5550000, 0x0000000100000000)
   the space 174784K,  92% used [0x00000000eaaa0000, 0x00000000f4800a10, 0x00000000f4800c00, 0x00000000f5550000)
 Metaspace       used 59522K, capacity 62674K, committed 62760K, reserved 1103872K
  class space    used 7624K, capacity 8224K, committed 8232K, reserved 1048576K
Event: 6933.505 GC heap after
Heap after GC invocations=46 (full 3):
 def new generation   total 78912K, used 5025K [0x00000000e0000000, 0x00000000e55a0000, 0x00000000eaaa0000)
  eden space 70144K,   0% used [0x00000000e0000000, 0x00000000e0000000, 0x00000000e4480000)
  from space 8768K,  57% used [0x00000000e4d10000, 0x00000000e51f85e8, 0x00000000e55a0000)
  to   space 8768K,   0% used [0x00000000e4480000, 0x00000000e4480000, 0x00000000e4d10000)
 tenured generation   total 174784K, used 161154K [0x00000000eaaa0000, 0x00000000f5550000, 0x0000000100000000)
   the space 174784K,  92% used [0x00000000eaaa0000, 0x00000000f4800a10, 0x00000000f4800c00, 0x00000000f5550000)
 Metaspace       used 59522K, capacity 62674K, committed 62760K, reserved 1103872K
  class space    used 7624K, capacity 8224K, committed 8232K, reserved 1048576K
}
Event: 6935.032 GC heap before
{Heap before GC invocations=46 (full 3):
 def new generation   total 78912K, used 75169K [0x00000000e0000000, 0x00000000e55a0000, 0x00000000eaaa0000)
  eden space 70144K, 100% used [0x00000000e0000000, 0x00000000e4480000, 0x00000000e4480000)
  from space 8768K,  57% used [0x00000000e4d10000, 0x00000000e51f85e8, 0x00000000e55a0000)
  to   space 8768K,   0% used [0x00000000e4480000, 0x00000000e4480000, 0x00000000e4d10000)
 tenured generation   total 174784K, used 161154K [0x00000000eaaa0000, 0x00000000f5550000, 0x0000000100000000)
   the space 174784K,  92% used [0x00000000eaaa0000, 0x00000000f4800a10, 0x00000000f4800c00, 0x00000000f5550000)
 Metaspace       used 59793K, capacity 62930K, committed 63016K, reserved 1103872K
  class space    used 7635K, capacity 8224K, committed 8232K, reserved 1048576K
Event: 6935.051 GC heap after
Heap after GC invocations=47 (full 3):
 def new generation   total 78912K, used 6832K [0x00000000e0000000, 0x00000000e55a0000, 0x00000000eaaa0000)
  eden space 70144K,   0% used [0x00000000e0000000, 0x00000000e0000000, 0x00000000e4480000)
  from space 8768K,  77% used [0x00000000e4480000, 0x00000000e4b2c2b8, 0x00000000e4d10000)
  to   space 8768K,   0% used [0x00000000e4d10000, 0x00000000e4d10000, 0x00000000e55a0000)
 tenured generation   total 174784K, used 163093K [0x00000000eaaa0000, 0x00000000f5550000, 0x0000000100000000)
   the space 174784K,  93% used [0x00000000eaaa0000, 0x00000000f49e5678, 0x00000000f49e5800, 0x00000000f5550000)
 Metaspace       used 59793K, capacity 62930K, committed 63016K, reserved 1103872K
  class space    used 7635K, capacity 8224K, committed 8232K, reserved 1048576K
}
Event: 6935.777 GC heap before
{Heap before GC invocations=47 (full 3):
 def new generation   total 78912K, used 76976K [0x00000000e0000000, 0x00000000e55a0000, 0x00000000eaaa0000)
  eden space 70144K, 100% used [0x00000000e0000000, 0x00000000e4480000, 0x00000000e4480000)
  from space 8768K,  77% used [0x00000000e4480000, 0x00000000e4b2c2b8, 0x00000000e4d10000)
  to   space 8768K,   0% used [0x00000000e4d10000, 0x00000000e4d10000, 0x00000000e55a0000)
 tenured generation   total 174784K, used 163093K [0x00000000eaaa0000, 0x00000000f5550000, 0x0000000100000000)
   the space 174784K,  93% used [0x00000000eaaa0000, 0x00000000f49e5678, 0x00000000f49e5800, 0x00000000f5550000)
 Metaspace       used 59796K, capacity 62930K, committed 63016K, reserved 1103872K
  class space    used 7635K, capacity 8224K, committed 8232K, reserved 1048576K
Event: 6935.793 GC heap after
Heap after GC invocations=48 (full 3):
 def new generation   total 78912K, used 5056K [0x00000000e0000000, 0x00000000e55a0000, 0x00000000eaaa0000)
  eden space 70144K,   0% used [0x00000000e0000000, 0x00000000e0000000, 0x00000000e4480000)
  from space 8768K,  57% used [0x00000000e4d10000, 0x00000000e5200320, 0x00000000e55a0000)
  to   space 8768K,   0% used [0x00000000e4480000, 0x00000000e4480000, 0x00000000e4d10000)
 tenured generation   total 174784K, used 165706K [0x00000000eaaa0000, 0x00000000f5550000, 0x0000000100000000)
   the space 174784K,  94% used [0x00000000eaaa0000, 0x00000000f4c72b98, 0x00000000f4c72c00, 0x00000000f5550000)
 Metaspace       used 59796K, capacity 62930K, committed 63016K, reserved 1103872K
  class space    used 7635K, capacity 8224K, committed 8232K, reserved 1048576K
}
Event: 9256.864 GC heap before
{Heap before GC invocations=48 (full 3):
 def new generation   total 78912K, used 75200K [0x00000000e0000000, 0x00000000e55a0000, 0x00000000eaaa0000)
  eden space 70144K, 100% used [0x00000000e0000000, 0x00000000e4480000, 0x00000000e4480000)
  from space 8768K,  57% used [0x00000000e4d10000, 0x00000000e5200320, 0x00000000e55a0000)
  to   space 8768K,   0% used [0x00000000e4480000, 0x00000000e4480000, 0x00000000e4d10000)
 tenured generation   total 174784K, used 165706K [0x00000000eaaa0000, 0x00000000f5550000, 0x0000000100000000)
   the space 174784K,  94% used [0x00000000eaaa0000, 0x00000000f4c72b98, 0x00000000f4c72c00, 0x00000000f5550000)
 Metaspace       used 59822K, capacity 62930K, committed 63016K, reserved 1103872K
  class space    used 7635K, capacity 8224K, committed 8232K, reserved 1048576K
Event: 9256.878 GC heap after
Heap after GC invocations=49 (full 3):
 def new generation   total 78912K, used 1615K [0x00000000e0000000, 0x00000000e55a0000, 0x00000000eaaa0000)
  eden space 70144K,   0% used [0x00000000e0000000, 0x00000000e0000000, 0x00000000e4480000)
  from space 8768K,  18% used [0x00000000e4480000, 0x00000000e4613e10, 0x00000000e4d10000)
  to   space 8768K,   0% used [0x00000000e4d10000, 0x00000000e4d10000, 0x00000000e55a0000)
 tenured generation   total 174784K, used 169440K [0x00000000eaaa0000, 0x00000000f5550000, 0x0000000100000000)
   the space 174784K,  96% used [0x00000000eaaa0000, 0x00000000f5018070, 0x00000000f5018200, 0x00000000f5550000)
 Metaspace       used 59822K, capacity 62930K, committed 63016K, reserved 1103872K
  class space    used 7635K, capacity 8224K, committed 8232K, reserved 1048576K
}
Event: 10862.344 GC heap before
{Heap before GC invocations=49 (full 3):
 def new generation   total 78912K, used 71759K [0x00000000e0000000, 0x00000000e55a0000, 0x00000000eaaa0000)
  eden space 70144K, 100% used [0x00000000e0000000, 0x00000000e4480000, 0x00000000e4480000)
  from space 8768K,  18% used [0x00000000e4480000, 0x00000000e4613e10, 0x00000000e4d10000)
  to   space 8768K,   0% used [0x00000000e4d10000, 0x00000000e4d10000, 0x00000000e55a0000)
 tenured generation   total 174784K, used 169440K [0x00000000eaaa0000, 0x00000000f5550000, 0x0000000100000000)
   the space 174784K,  96% used [0x00000000eaaa0000, 0x00000000f5018070, 0x00000000f5018200, 0x00000000f5550000)
 Metaspace       used 59885K, capacity 63014K, committed 63144K, reserved 1103872K
  class space    used 7643K, capacity 8238K, committed 8360K, reserved 1048576K
Event: 10862.362 GC heap after
Heap after GC invocations=50 (full 3):
 def new generation   total 78912K, used 6598K [0x00000000e0000000, 0x00000000e55a0000, 0x00000000eaaa0000)
  eden space 70144K,   0% used [0x00000000e0000000, 0x00000000e0000000, 0x00000000e4480000)
  from space 8768K,  75% used [0x00000000e4d10000, 0x00000000e5381a00, 0x00000000e55a0000)
  to   space 8768K,   0% used [0x00000000e4480000, 0x00000000e4480000, 0x00000000e4d10000)
 tenured generation   total 174784K, used 169440K [0x00000000eaaa0000, 0x00000000f5550000, 0x0000000100000000)
   the space 174784K,  96% used [0x00000000eaaa0000, 0x00000000f5018070, 0x00000000f5018200, 0x00000000f5550000)
 Metaspace       used 59885K, capacity 63014K, committed 63144K, reserved 1103872K
  class space    used 7643K, capacity 8238K, committed 8360K, reserved 1048576K
}
Event: 10863.056 GC heap before
{Heap before GC invocations=50 (full 3):
 def new generation   total 78912K, used 76742K [0x00000000e0000000, 0x00000000e55a0000, 0x00000000eaaa0000)
  eden space 70144K, 100% used [0x00000000e0000000, 0x00000000e4480000, 0x00000000e4480000)
  from space 8768K,  75% used [0x00000000e4d10000, 0x00000000e5381a00, 0x00000000e55a0000)
  to   space 8768K,   0% used [0x00000000e4480000, 0x00000000e4480000, 0x00000000e4d10000)
 tenured generation   total 174784K, used 169440K [0x00000000eaaa0000, 0x00000000f5550000, 0x0000000100000000)
   the space 174784K,  96% used [0x00000000eaaa0000, 0x00000000f5018070, 0x00000000f5018200, 0x00000000f5550000)
 Metaspace       used 59899K, capacity 63024K, committed 63400K, reserved 1103872K
  class space    used 7644K, capacity 8239K, committed 8360K, reserved 1048576K
Event: 10863.114 GC heap after
Heap after GC invocations=51 (full 3):
 def new generation   total 78912K, used 4003K [0x00000000e0000000, 0x00000000e55a0000, 0x00000000eaaa0000)
  eden space 70144K,   0% used [0x00000000e0000000, 0x00000000e0000000, 0x00000000e4480000)
  from space 8768K,  45% used [0x00000000e4480000, 0x00000000e4868cc8, 0x00000000e4d10000)
  to   space 8768K,   0% used [0x00000000e4d10000, 0x00000000e4d10000, 0x00000000e55a0000)
 tenured generation   total 174784K, used 174763K [0x00000000eaaa0000, 0x00000000f5550000, 0x0000000100000000)
   the space 174784K,  99% used [0x00000000eaaa0000, 0x00000000f554ace8, 0x00000000f554ae00, 0x00000000f5550000)
 Metaspace       used 59899K, capacity 63024K, committed 63400K, reserved 1103872K
  class space    used 7644K, capacity 8239K, committed 8360K, reserved 1048576K
}

